#
# There is insufficient memory for the Java Runtime Environment to continue.
# Native memory allocation (malloc) failed to allocate 32784 bytes for Chunk::new
# Possible reasons:
#   The system is out of physical RAM or swap space
#   The process is running with CompressedOops enabled, and the Java Heap may be blocking the growth of the native heap
# Possible solutions:
#   Reduce memory load on the system
#   Increase physical memory or swap space
#   Check if swap backing store is full
#   Decrease Java heap size (-Xmx/-Xms)
#   Decrease number of Java threads
#   Decrease Java thread stack sizes (-Xss)
#   Set larger code cache with -XX:ReservedCodeCacheSize=
#   JVM is running with Zero Based Compressed Oops mode in which the Java heap is
#     placed in the first 32GB address space. The Java Heap base address is the
#     maximum limit for the native heap growth. Please use -XX:HeapBaseMinAddress
#     to set the Java Heap base and to place the Java Heap above 32GB virtual address.
# This output file may be truncated or incomplete.
#
#  Out of Memory Error (arena.cpp:166), pid=18840, tid=1740
#
# JRE version: Java(TM) SE Runtime Environment (21.0+35) (build 21+35-LTS-2513)
# Java VM: Java HotSpot(TM) 64-Bit Server VM (21+35-LTS-2513, mixed mode, sharing, tiered, compressed oops, compressed class ptrs, g1 gc, windows-amd64)
# No core dump will be written. Minidumps are not enabled by default on client versions of Windows
#

---------------  S U M M A R Y ------------

Command Line: -Dclassworlds.conf=C:\Users\rabot\.m2\wrapper\dists\apache-maven-3.8.5-bin\5i5jha092a3i37g0paqnfr15e0\apache-maven-3.8.5\bin\m2.conf -Dmaven.home=C:\Users\rabot\.m2\wrapper\dists\apache-maven-3.8.5-bin\5i5jha092a3i37g0paqnfr15e0\apache-maven-3.8.5 -Dlibrary.jansi.path=C:\Users\rabot\.m2\wrapper\dists\apache-maven-3.8.5-bin\5i5jha092a3i37g0paqnfr15e0\apache-maven-3.8.5\lib\jansi-native -Dmaven.multiModuleProjectDirectory=C:\Users\rabot\source\repos\PLAY-project org.codehaus.plexus.classworlds.launcher.Launcher -D idea.version=2024.1.4 gluonfx:compile gluonfx:link

Host: 11th Gen Intel(R) Core(TM) i7-11370H @ 3.30GHz, 8 cores, 15G,  Windows 11 , 64 bit Build 22621 (10.0.22621.3958)
Time: Sun Sep 15 17:14:01 2024 ora legale Europa occidentale elapsed time: 167.046477 seconds (0d 0h 2m 47s)

---------------  T H R E A D  ---------------

Current thread (0x000001fd7fc4b100):  JavaThread "C2 CompilerThread0" daemon [_thread_in_native, id=1740, stack(0x00000063ff900000,0x00000063ffa00000) (1024K)]


Current CompileTask:
C2: 167046 4145       4       java.io.BufferedReader::implReadLine (301 bytes)

Stack: [0x00000063ff900000,0x00000063ffa00000]
Native frames: (J=compiled Java code, j=interpreted, Vv=VM code, C=native code)
V  [jvm.dll+0x6c8d39]
V  [jvm.dll+0x854091]
V  [jvm.dll+0x85630e]
V  [jvm.dll+0x8569e3]
V  [jvm.dll+0x2809a6]
V  [jvm.dll+0xc3e6d]
V  [jvm.dll+0xc4383]
V  [jvm.dll+0xc3f95]
V  [jvm.dll+0x6a59ac]
V  [jvm.dll+0x5f3acf]
V  [jvm.dll+0x25291f]
V  [jvm.dll+0x24ad61]
V  [jvm.dll+0x248cd3]
V  [jvm.dll+0x1c9b91]
V  [jvm.dll+0x2583e9]
V  [jvm.dll+0x2569ca]
V  [jvm.dll+0x3eef66]
V  [jvm.dll+0x7fd2c8]
V  [jvm.dll+0x6c748d]
C  [ucrtbase.dll+0x29333]
C  [KERNEL32.DLL+0x1257d]
C  [ntdll.dll+0x5af28]


---------------  P R O C E S S  ---------------

Threads class SMR info:
_java_thread_list=0x000001fd56355210, length=13, elements={
0x000001fd6e0459b0, 0x000001fd7fc34990, 0x000001fd7fc355f0, 0x000001fd7fc38710,
0x000001fd7fc39260, 0x000001fd7fc3d3f0, 0x000001fd7fc46e70, 0x000001fd7fc4b100,
0x000001fd7fc4c3c0, 0x000001fd0f5eae10, 0x000001fd0f5ee2c0, 0x000001fd56693c50,
0x000001fd5630dcd0
}

Java Threads: ( => current thread )
  0x000001fd6e0459b0 JavaThread "main"                              [_thread_in_native, id=17232, stack(0x00000063feb00000,0x00000063fec00000) (1024K)]
  0x000001fd7fc34990 JavaThread "Reference Handler"          daemon [_thread_blocked, id=14680, stack(0x00000063ff300000,0x00000063ff400000) (1024K)]
  0x000001fd7fc355f0 JavaThread "Finalizer"                  daemon [_thread_blocked, id=24656, stack(0x00000063ff400000,0x00000063ff500000) (1024K)]
  0x000001fd7fc38710 JavaThread "Signal Dispatcher"          daemon [_thread_blocked, id=18316, stack(0x00000063ff500000,0x00000063ff600000) (1024K)]
  0x000001fd7fc39260 JavaThread "Attach Listener"            daemon [_thread_blocked, id=21032, stack(0x00000063ff600000,0x00000063ff700000) (1024K)]
  0x000001fd7fc3d3f0 JavaThread "Service Thread"             daemon [_thread_blocked, id=27288, stack(0x00000063ff700000,0x00000063ff800000) (1024K)]
  0x000001fd7fc46e70 JavaThread "Monitor Deflation Thread"   daemon [_thread_blocked, id=26124, stack(0x00000063ff800000,0x00000063ff900000) (1024K)]
=>0x000001fd7fc4b100 JavaThread "C2 CompilerThread0"         daemon [_thread_in_native, id=1740, stack(0x00000063ff900000,0x00000063ffa00000) (1024K)]
  0x000001fd7fc4c3c0 JavaThread "C1 CompilerThread0"         daemon [_thread_blocked, id=23464, stack(0x00000063ffa00000,0x00000063ffb00000) (1024K)]
  0x000001fd0f5eae10 JavaThread "Notification Thread"        daemon [_thread_blocked, id=2604, stack(0x00000063ffb00000,0x00000063ffc00000) (1024K)]
  0x000001fd0f5ee2c0 JavaThread "Common-Cleaner"             daemon [_thread_blocked, id=26204, stack(0x00000063ffc00000,0x00000063ffd00000) (1024K)]
  0x000001fd56693c50 JavaThread "StreamPumper-systemOut"            [_thread_in_native, id=26324, stack(0x0000006380600000,0x0000006380700000) (1024K)]
  0x000001fd5630dcd0 JavaThread "StreamPumper-systemErr"            [_thread_in_native, id=32520, stack(0x0000006380700000,0x0000006380800000) (1024K)]
Total: 13

Other Threads:
  0x000001fd7fc15780 VMThread "VM Thread"                           [id=17624, stack(0x00000063ff200000,0x00000063ff300000) (1024K)]
  0x000001fd7fbff750 WatcherThread "VM Periodic Task Thread"        [id=4976, stack(0x00000063ff100000,0x00000063ff200000) (1024K)]
  0x000001fd70290410 WorkerThread "GC Thread#0"                     [id=31248, stack(0x00000063fec00000,0x00000063fed00000) (1024K)]
  0x000001fd55a1d860 WorkerThread "GC Thread#1"                     [id=10492, stack(0x00000063fff00000,0x0000006400000000) (1024K)]
  0x000001fd55a15310 WorkerThread "GC Thread#2"                     [id=32512, stack(0x0000006380000000,0x0000006380100000) (1024K)]
  0x000001fd557efca0 WorkerThread "GC Thread#3"                     [id=21756, stack(0x0000006380100000,0x0000006380200000) (1024K)]
  0x000001fd551bc360 WorkerThread "GC Thread#4"                     [id=26576, stack(0x0000006380200000,0x0000006380300000) (1024K)]
  0x000001fd55d26890 WorkerThread "GC Thread#5"                     [id=27680, stack(0x0000006380300000,0x0000006380400000) (1024K)]
  0x000001fd559baae0 WorkerThread "GC Thread#6"                     [id=29948, stack(0x0000006380400000,0x0000006380500000) (1024K)]
  0x000001fd559bae80 WorkerThread "GC Thread#7"                     [id=29944, stack(0x0000006380500000,0x0000006380600000) (1024K)]
  0x000001fd702a1cb0 ConcurrentGCThread "G1 Main Marker"            [id=19464, stack(0x00000063fed00000,0x00000063fee00000) (1024K)]
  0x000001fd702a27b0 WorkerThread "G1 Conc#0"                       [id=20692, stack(0x00000063fee00000,0x00000063fef00000) (1024K)]
  0x000001fd7facf2e0 ConcurrentGCThread "G1 Refine#0"               [id=24100, stack(0x00000063fef00000,0x00000063ff000000) (1024K)]
  0x000001fd7fad0d00 ConcurrentGCThread "G1 Service"                [id=25696, stack(0x00000063ff000000,0x00000063ff100000) (1024K)]
Total: 14

Threads with active compile tasks:
C2 CompilerThread0   167078 4145       4       java.io.BufferedReader::implReadLine (301 bytes)
Total: 1

VM state: not at safepoint (normal execution)

VM Mutex/Monitor currently owned by a thread: None

Heap address: 0x0000000705000000, size: 4016 MB, Compressed Oops mode: Zero based, Oop shift amount: 3

CDS archive(s) mapped at: [0x000001fd10000000-0x000001fd10c90000-0x000001fd10c90000), size 13172736, SharedBaseAddress: 0x000001fd10000000, ArchiveRelocationMode: 1.
Compressed class space mapped at: 0x000001fd11000000-0x000001fd51000000, reserved size: 1073741824
Narrow klass base: 0x000001fd10000000, Narrow klass shift: 0, Narrow klass range: 0x100000000

GC Precious Log:
 CardTable entry size: 512
 Card Set container configuration: InlinePtr #cards 4 size 8 Array Of Cards #cards 16 size 48 Howl #buckets 8 coarsen threshold 3686 Howl Bitmap #cards 512 size 80 coarsen threshold 460 Card regions per heap region 1 cards per card region 4096
 CPUs: 8 total, 8 available
 Memory: 16062M
 Large Page Support: Disabled
 NUMA Support: Disabled
 Compressed Oops: Enabled (Zero based)
 Heap Region Size: 2M
 Heap Min Capacity: 8M
 Heap Initial Capacity: 252M
 Heap Max Capacity: 4016M
 Pre-touch: Disabled
 Parallel Workers: 8
 Concurrent Workers: 2
 Concurrent Refinement Workers: 8
 Periodic GC: Disabled

Heap:
 garbage-first heap   total 258048K, used 96458K [0x0000000705000000, 0x0000000800000000)
  region size 2048K, 48 young (98304K), 2 survivors (4096K)
 Metaspace       used 16553K, committed 16960K, reserved 1114112K
  class space    used 1796K, committed 1984K, reserved 1048576K

Heap Regions: E=young(eden), S=young(survivor), O=old, HS=humongous(starts), HC=humongous(continues), CS=collection set, F=free, TAMS=top-at-mark-start, PB=parsable bottom
|   0|0x0000000705000000, 0x0000000705200000, 0x0000000705200000|100%| O|  |TAMS 0x0000000705000000| PB 0x0000000705000000| Untracked 
|   1|0x0000000705200000, 0x000000070535e260, 0x0000000705400000| 68%| O|  |TAMS 0x0000000705200000| PB 0x0000000705200000| Untracked 
|   2|0x0000000705400000, 0x0000000705400000, 0x0000000705600000|  0%| F|  |TAMS 0x0000000705400000| PB 0x0000000705400000| Untracked 
|   3|0x0000000705600000, 0x0000000705600000, 0x0000000705800000|  0%| F|  |TAMS 0x0000000705600000| PB 0x0000000705600000| Untracked 
|   4|0x0000000705800000, 0x0000000705800000, 0x0000000705a00000|  0%| F|  |TAMS 0x0000000705800000| PB 0x0000000705800000| Untracked 
|   5|0x0000000705a00000, 0x0000000705a00000, 0x0000000705c00000|  0%| F|  |TAMS 0x0000000705a00000| PB 0x0000000705a00000| Untracked 
|   6|0x0000000705c00000, 0x0000000705c00000, 0x0000000705e00000|  0%| F|  |TAMS 0x0000000705c00000| PB 0x0000000705c00000| Untracked 
|   7|0x0000000705e00000, 0x0000000705e00000, 0x0000000706000000|  0%| F|  |TAMS 0x0000000705e00000| PB 0x0000000705e00000| Untracked 
|   8|0x0000000706000000, 0x0000000706000000, 0x0000000706200000|  0%| F|  |TAMS 0x0000000706000000| PB 0x0000000706000000| Untracked 
|   9|0x0000000706200000, 0x0000000706200000, 0x0000000706400000|  0%| F|  |TAMS 0x0000000706200000| PB 0x0000000706200000| Untracked 
|  10|0x0000000706400000, 0x0000000706400000, 0x0000000706600000|  0%| F|  |TAMS 0x0000000706400000| PB 0x0000000706400000| Untracked 
|  11|0x0000000706600000, 0x0000000706600000, 0x0000000706800000|  0%| F|  |TAMS 0x0000000706600000| PB 0x0000000706600000| Untracked 
|  12|0x0000000706800000, 0x0000000706800000, 0x0000000706a00000|  0%| F|  |TAMS 0x0000000706800000| PB 0x0000000706800000| Untracked 
|  13|0x0000000706a00000, 0x0000000706a00000, 0x0000000706c00000|  0%| F|  |TAMS 0x0000000706a00000| PB 0x0000000706a00000| Untracked 
|  14|0x0000000706c00000, 0x0000000706c00000, 0x0000000706e00000|  0%| F|  |TAMS 0x0000000706c00000| PB 0x0000000706c00000| Untracked 
|  15|0x0000000706e00000, 0x0000000706e00000, 0x0000000707000000|  0%| F|  |TAMS 0x0000000706e00000| PB 0x0000000706e00000| Untracked 
|  16|0x0000000707000000, 0x0000000707000000, 0x0000000707200000|  0%| F|  |TAMS 0x0000000707000000| PB 0x0000000707000000| Untracked 
|  17|0x0000000707200000, 0x0000000707200000, 0x0000000707400000|  0%| F|  |TAMS 0x0000000707200000| PB 0x0000000707200000| Untracked 
|  18|0x0000000707400000, 0x0000000707400000, 0x0000000707600000|  0%| F|  |TAMS 0x0000000707400000| PB 0x0000000707400000| Untracked 
|  19|0x0000000707600000, 0x0000000707600000, 0x0000000707800000|  0%| F|  |TAMS 0x0000000707600000| PB 0x0000000707600000| Untracked 
|  20|0x0000000707800000, 0x0000000707800000, 0x0000000707a00000|  0%| F|  |TAMS 0x0000000707800000| PB 0x0000000707800000| Untracked 
|  21|0x0000000707a00000, 0x0000000707a00000, 0x0000000707c00000|  0%| F|  |TAMS 0x0000000707a00000| PB 0x0000000707a00000| Untracked 
|  22|0x0000000707c00000, 0x0000000707c00000, 0x0000000707e00000|  0%| F|  |TAMS 0x0000000707c00000| PB 0x0000000707c00000| Untracked 
|  23|0x0000000707e00000, 0x0000000707e00000, 0x0000000708000000|  0%| F|  |TAMS 0x0000000707e00000| PB 0x0000000707e00000| Untracked 
|  24|0x0000000708000000, 0x0000000708000000, 0x0000000708200000|  0%| F|  |TAMS 0x0000000708000000| PB 0x0000000708000000| Untracked 
|  25|0x0000000708200000, 0x0000000708200000, 0x0000000708400000|  0%| F|  |TAMS 0x0000000708200000| PB 0x0000000708200000| Untracked 
|  26|0x0000000708400000, 0x0000000708400000, 0x0000000708600000|  0%| F|  |TAMS 0x0000000708400000| PB 0x0000000708400000| Untracked 
|  27|0x0000000708600000, 0x0000000708600000, 0x0000000708800000|  0%| F|  |TAMS 0x0000000708600000| PB 0x0000000708600000| Untracked 
|  28|0x0000000708800000, 0x0000000708800000, 0x0000000708a00000|  0%| F|  |TAMS 0x0000000708800000| PB 0x0000000708800000| Untracked 
|  29|0x0000000708a00000, 0x0000000708a00000, 0x0000000708c00000|  0%| F|  |TAMS 0x0000000708a00000| PB 0x0000000708a00000| Untracked 
|  30|0x0000000708c00000, 0x0000000708c00000, 0x0000000708e00000|  0%| F|  |TAMS 0x0000000708c00000| PB 0x0000000708c00000| Untracked 
|  31|0x0000000708e00000, 0x0000000708e00000, 0x0000000709000000|  0%| F|  |TAMS 0x0000000708e00000| PB 0x0000000708e00000| Untracked 
|  32|0x0000000709000000, 0x0000000709000000, 0x0000000709200000|  0%| F|  |TAMS 0x0000000709000000| PB 0x0000000709000000| Untracked 
|  33|0x0000000709200000, 0x0000000709200000, 0x0000000709400000|  0%| F|  |TAMS 0x0000000709200000| PB 0x0000000709200000| Untracked 
|  34|0x0000000709400000, 0x0000000709400000, 0x0000000709600000|  0%| F|  |TAMS 0x0000000709400000| PB 0x0000000709400000| Untracked 
|  35|0x0000000709600000, 0x0000000709600000, 0x0000000709800000|  0%| F|  |TAMS 0x0000000709600000| PB 0x0000000709600000| Untracked 
|  36|0x0000000709800000, 0x0000000709800000, 0x0000000709a00000|  0%| F|  |TAMS 0x0000000709800000| PB 0x0000000709800000| Untracked 
|  37|0x0000000709a00000, 0x0000000709a00000, 0x0000000709c00000|  0%| F|  |TAMS 0x0000000709a00000| PB 0x0000000709a00000| Untracked 
|  38|0x0000000709c00000, 0x0000000709c00000, 0x0000000709e00000|  0%| F|  |TAMS 0x0000000709c00000| PB 0x0000000709c00000| Untracked 
|  39|0x0000000709e00000, 0x0000000709e00000, 0x000000070a000000|  0%| F|  |TAMS 0x0000000709e00000| PB 0x0000000709e00000| Untracked 
|  40|0x000000070a000000, 0x000000070a000000, 0x000000070a200000|  0%| F|  |TAMS 0x000000070a000000| PB 0x000000070a000000| Untracked 
|  41|0x000000070a200000, 0x000000070a200000, 0x000000070a400000|  0%| F|  |TAMS 0x000000070a200000| PB 0x000000070a200000| Untracked 
|  42|0x000000070a400000, 0x000000070a400000, 0x000000070a600000|  0%| F|  |TAMS 0x000000070a400000| PB 0x000000070a400000| Untracked 
|  43|0x000000070a600000, 0x000000070a600000, 0x000000070a800000|  0%| F|  |TAMS 0x000000070a600000| PB 0x000000070a600000| Untracked 
|  44|0x000000070a800000, 0x000000070a800000, 0x000000070aa00000|  0%| F|  |TAMS 0x000000070a800000| PB 0x000000070a800000| Untracked 
|  45|0x000000070aa00000, 0x000000070aa00000, 0x000000070ac00000|  0%| F|  |TAMS 0x000000070aa00000| PB 0x000000070aa00000| Untracked 
|  46|0x000000070ac00000, 0x000000070ac00000, 0x000000070ae00000|  0%| F|  |TAMS 0x000000070ac00000| PB 0x000000070ac00000| Untracked 
|  47|0x000000070ae00000, 0x000000070ae00000, 0x000000070b000000|  0%| F|  |TAMS 0x000000070ae00000| PB 0x000000070ae00000| Untracked 
|  48|0x000000070b000000, 0x000000070b000000, 0x000000070b200000|  0%| F|  |TAMS 0x000000070b000000| PB 0x000000070b000000| Untracked 
|  49|0x000000070b200000, 0x000000070b200000, 0x000000070b400000|  0%| F|  |TAMS 0x000000070b200000| PB 0x000000070b200000| Untracked 
|  50|0x000000070b400000, 0x000000070b400000, 0x000000070b600000|  0%| F|  |TAMS 0x000000070b400000| PB 0x000000070b400000| Untracked 
|  51|0x000000070b600000, 0x000000070b600000, 0x000000070b800000|  0%| F|  |TAMS 0x000000070b600000| PB 0x000000070b600000| Untracked 
|  52|0x000000070b800000, 0x000000070b800000, 0x000000070ba00000|  0%| F|  |TAMS 0x000000070b800000| PB 0x000000070b800000| Untracked 
|  53|0x000000070ba00000, 0x000000070ba00000, 0x000000070bc00000|  0%| F|  |TAMS 0x000000070ba00000| PB 0x000000070ba00000| Untracked 
|  54|0x000000070bc00000, 0x000000070bc00000, 0x000000070be00000|  0%| F|  |TAMS 0x000000070bc00000| PB 0x000000070bc00000| Untracked 
|  55|0x000000070be00000, 0x000000070be00000, 0x000000070c000000|  0%| F|  |TAMS 0x000000070be00000| PB 0x000000070be00000| Untracked 
|  56|0x000000070c000000, 0x000000070c000000, 0x000000070c200000|  0%| F|  |TAMS 0x000000070c000000| PB 0x000000070c000000| Untracked 
|  57|0x000000070c200000, 0x000000070c200000, 0x000000070c400000|  0%| F|  |TAMS 0x000000070c200000| PB 0x000000070c200000| Untracked 
|  58|0x000000070c400000, 0x000000070c400000, 0x000000070c600000|  0%| F|  |TAMS 0x000000070c400000| PB 0x000000070c400000| Untracked 
|  59|0x000000070c600000, 0x000000070c600000, 0x000000070c800000|  0%| F|  |TAMS 0x000000070c600000| PB 0x000000070c600000| Untracked 
|  60|0x000000070c800000, 0x000000070c800000, 0x000000070ca00000|  0%| F|  |TAMS 0x000000070c800000| PB 0x000000070c800000| Untracked 
|  61|0x000000070ca00000, 0x000000070ca00000, 0x000000070cc00000|  0%| F|  |TAMS 0x000000070ca00000| PB 0x000000070ca00000| Untracked 
|  62|0x000000070cc00000, 0x000000070cc00000, 0x000000070ce00000|  0%| F|  |TAMS 0x000000070cc00000| PB 0x000000070cc00000| Untracked 
|  63|0x000000070ce00000, 0x000000070ce00000, 0x000000070d000000|  0%| F|  |TAMS 0x000000070ce00000| PB 0x000000070ce00000| Untracked 
|  64|0x000000070d000000, 0x000000070d000000, 0x000000070d200000|  0%| F|  |TAMS 0x000000070d000000| PB 0x000000070d000000| Untracked 
|  65|0x000000070d200000, 0x000000070d200000, 0x000000070d400000|  0%| F|  |TAMS 0x000000070d200000| PB 0x000000070d200000| Untracked 
|  66|0x000000070d400000, 0x000000070d400000, 0x000000070d600000|  0%| F|  |TAMS 0x000000070d400000| PB 0x000000070d400000| Untracked 
|  67|0x000000070d600000, 0x000000070d600000, 0x000000070d800000|  0%| F|  |TAMS 0x000000070d600000| PB 0x000000070d600000| Untracked 
|  68|0x000000070d800000, 0x000000070d800000, 0x000000070da00000|  0%| F|  |TAMS 0x000000070d800000| PB 0x000000070d800000| Untracked 
|  69|0x000000070da00000, 0x000000070da00000, 0x000000070dc00000|  0%| F|  |TAMS 0x000000070da00000| PB 0x000000070da00000| Untracked 
|  70|0x000000070dc00000, 0x000000070dc00000, 0x000000070de00000|  0%| F|  |TAMS 0x000000070dc00000| PB 0x000000070dc00000| Untracked 
|  71|0x000000070de00000, 0x000000070de00000, 0x000000070e000000|  0%| F|  |TAMS 0x000000070de00000| PB 0x000000070de00000| Untracked 
|  72|0x000000070e000000, 0x000000070e000000, 0x000000070e200000|  0%| F|  |TAMS 0x000000070e000000| PB 0x000000070e000000| Untracked 
|  73|0x000000070e200000, 0x000000070e200000, 0x000000070e400000|  0%| F|  |TAMS 0x000000070e200000| PB 0x000000070e200000| Untracked 
|  74|0x000000070e400000, 0x000000070e400000, 0x000000070e600000|  0%| F|  |TAMS 0x000000070e400000| PB 0x000000070e400000| Untracked 
|  75|0x000000070e600000, 0x000000070e600000, 0x000000070e800000|  0%| F|  |TAMS 0x000000070e600000| PB 0x000000070e600000| Untracked 
|  76|0x000000070e800000, 0x000000070e800000, 0x000000070ea00000|  0%| F|  |TAMS 0x000000070e800000| PB 0x000000070e800000| Untracked 
|  77|0x000000070ea00000, 0x000000070ea00000, 0x000000070ec00000|  0%| F|  |TAMS 0x000000070ea00000| PB 0x000000070ea00000| Untracked 
|  78|0x000000070ec00000, 0x000000070ecf9b20, 0x000000070ee00000| 48%| E|  |TAMS 0x000000070ec00000| PB 0x000000070ec00000| Complete 
|  79|0x000000070ee00000, 0x000000070f000000, 0x000000070f000000|100%| E|CS|TAMS 0x000000070ee00000| PB 0x000000070ee00000| Complete 
|  80|0x000000070f000000, 0x000000070f200000, 0x000000070f200000|100%| E|CS|TAMS 0x000000070f000000| PB 0x000000070f000000| Complete 
|  81|0x000000070f200000, 0x000000070f400000, 0x000000070f400000|100%| E|  |TAMS 0x000000070f200000| PB 0x000000070f200000| Complete 
|  82|0x000000070f400000, 0x000000070f600000, 0x000000070f600000|100%| E|CS|TAMS 0x000000070f400000| PB 0x000000070f400000| Complete 
|  83|0x000000070f600000, 0x000000070f800000, 0x000000070f800000|100%| E|CS|TAMS 0x000000070f600000| PB 0x000000070f600000| Complete 
|  84|0x000000070f800000, 0x000000070fa00000, 0x000000070fa00000|100%| E|CS|TAMS 0x000000070f800000| PB 0x000000070f800000| Complete 
|  85|0x000000070fa00000, 0x000000070fc00000, 0x000000070fc00000|100%| E|CS|TAMS 0x000000070fa00000| PB 0x000000070fa00000| Complete 
|  86|0x000000070fc00000, 0x000000070fe00000, 0x000000070fe00000|100%| E|CS|TAMS 0x000000070fc00000| PB 0x000000070fc00000| Complete 
|  87|0x000000070fe00000, 0x0000000710000000, 0x0000000710000000|100%| E|CS|TAMS 0x000000070fe00000| PB 0x000000070fe00000| Complete 
|  88|0x0000000710000000, 0x0000000710200000, 0x0000000710200000|100%| E|CS|TAMS 0x0000000710000000| PB 0x0000000710000000| Complete 
|  89|0x0000000710200000, 0x0000000710400000, 0x0000000710400000|100%| E|CS|TAMS 0x0000000710200000| PB 0x0000000710200000| Complete 
|  90|0x0000000710400000, 0x0000000710600000, 0x0000000710600000|100%| E|CS|TAMS 0x0000000710400000| PB 0x0000000710400000| Complete 
|  91|0x0000000710600000, 0x0000000710800000, 0x0000000710800000|100%| E|CS|TAMS 0x0000000710600000| PB 0x0000000710600000| Complete 
|  92|0x0000000710800000, 0x0000000710a00000, 0x0000000710a00000|100%| E|CS|TAMS 0x0000000710800000| PB 0x0000000710800000| Complete 
|  93|0x0000000710a00000, 0x0000000710c00000, 0x0000000710c00000|100%| E|CS|TAMS 0x0000000710a00000| PB 0x0000000710a00000| Complete 
|  94|0x0000000710c00000, 0x0000000710e00000, 0x0000000710e00000|100%| E|CS|TAMS 0x0000000710c00000| PB 0x0000000710c00000| Complete 
|  95|0x0000000710e00000, 0x0000000711000000, 0x0000000711000000|100%| E|CS|TAMS 0x0000000710e00000| PB 0x0000000710e00000| Complete 
|  96|0x0000000711000000, 0x0000000711200000, 0x0000000711200000|100%| E|CS|TAMS 0x0000000711000000| PB 0x0000000711000000| Complete 
|  97|0x0000000711200000, 0x0000000711400000, 0x0000000711400000|100%| E|CS|TAMS 0x0000000711200000| PB 0x0000000711200000| Complete 
|  98|0x0000000711400000, 0x0000000711600000, 0x0000000711600000|100%| E|CS|TAMS 0x0000000711400000| PB 0x0000000711400000| Complete 
|  99|0x0000000711600000, 0x0000000711800000, 0x0000000711800000|100%| E|CS|TAMS 0x0000000711600000| PB 0x0000000711600000| Complete 
| 100|0x0000000711800000, 0x0000000711a00000, 0x0000000711a00000|100%| E|CS|TAMS 0x0000000711800000| PB 0x0000000711800000| Complete 
| 101|0x0000000711a00000, 0x0000000711c00000, 0x0000000711c00000|100%| E|CS|TAMS 0x0000000711a00000| PB 0x0000000711a00000| Complete 
| 102|0x0000000711c00000, 0x0000000711e00000, 0x0000000711e00000|100%| E|CS|TAMS 0x0000000711c00000| PB 0x0000000711c00000| Complete 
| 103|0x0000000711e00000, 0x0000000712000000, 0x0000000712000000|100%| E|CS|TAMS 0x0000000711e00000| PB 0x0000000711e00000| Complete 
| 104|0x0000000712000000, 0x0000000712200000, 0x0000000712200000|100%| E|CS|TAMS 0x0000000712000000| PB 0x0000000712000000| Complete 
| 105|0x0000000712200000, 0x0000000712400000, 0x0000000712400000|100%| E|CS|TAMS 0x0000000712200000| PB 0x0000000712200000| Complete 
| 106|0x0000000712400000, 0x00000007124d4658, 0x0000000712600000| 41%| S|CS|TAMS 0x0000000712400000| PB 0x0000000712400000| Complete 
| 107|0x0000000712600000, 0x0000000712800000, 0x0000000712800000|100%| S|CS|TAMS 0x0000000712600000| PB 0x0000000712600000| Complete 
| 108|0x0000000712800000, 0x0000000712a00000, 0x0000000712a00000|100%| E|CS|TAMS 0x0000000712800000| PB 0x0000000712800000| Complete 
| 109|0x0000000712a00000, 0x0000000712c00000, 0x0000000712c00000|100%| E|CS|TAMS 0x0000000712a00000| PB 0x0000000712a00000| Complete 
| 110|0x0000000712c00000, 0x0000000712e00000, 0x0000000712e00000|100%| E|CS|TAMS 0x0000000712c00000| PB 0x0000000712c00000| Complete 
| 111|0x0000000712e00000, 0x0000000713000000, 0x0000000713000000|100%| E|CS|TAMS 0x0000000712e00000| PB 0x0000000712e00000| Complete 
| 112|0x0000000713000000, 0x0000000713200000, 0x0000000713200000|100%| E|CS|TAMS 0x0000000713000000| PB 0x0000000713000000| Complete 
| 113|0x0000000713200000, 0x0000000713400000, 0x0000000713400000|100%| E|CS|TAMS 0x0000000713200000| PB 0x0000000713200000| Complete 
| 114|0x0000000713400000, 0x0000000713600000, 0x0000000713600000|100%| E|CS|TAMS 0x0000000713400000| PB 0x0000000713400000| Complete 
| 115|0x0000000713600000, 0x0000000713800000, 0x0000000713800000|100%| E|CS|TAMS 0x0000000713600000| PB 0x0000000713600000| Complete 
| 116|0x0000000713800000, 0x0000000713a00000, 0x0000000713a00000|100%| E|CS|TAMS 0x0000000713800000| PB 0x0000000713800000| Complete 
| 117|0x0000000713a00000, 0x0000000713c00000, 0x0000000713c00000|100%| E|CS|TAMS 0x0000000713a00000| PB 0x0000000713a00000| Complete 
| 118|0x0000000713c00000, 0x0000000713e00000, 0x0000000713e00000|100%| E|CS|TAMS 0x0000000713c00000| PB 0x0000000713c00000| Complete 
| 119|0x0000000713e00000, 0x0000000714000000, 0x0000000714000000|100%| E|CS|TAMS 0x0000000713e00000| PB 0x0000000713e00000| Complete 
| 120|0x0000000714000000, 0x0000000714200000, 0x0000000714200000|100%| E|CS|TAMS 0x0000000714000000| PB 0x0000000714000000| Complete 
| 121|0x0000000714200000, 0x0000000714400000, 0x0000000714400000|100%| E|CS|TAMS 0x0000000714200000| PB 0x0000000714200000| Complete 
| 122|0x0000000714400000, 0x0000000714600000, 0x0000000714600000|100%| E|CS|TAMS 0x0000000714400000| PB 0x0000000714400000| Complete 
| 123|0x0000000714600000, 0x0000000714800000, 0x0000000714800000|100%| E|CS|TAMS 0x0000000714600000| PB 0x0000000714600000| Complete 
| 124|0x0000000714800000, 0x0000000714a00000, 0x0000000714a00000|100%| E|CS|TAMS 0x0000000714800000| PB 0x0000000714800000| Complete 
| 125|0x0000000714a00000, 0x0000000714c00000, 0x0000000714c00000|100%| E|CS|TAMS 0x0000000714a00000| PB 0x0000000714a00000| Complete 

Card table byte_map: [0x000001fd79190000,0x000001fd79970000] _byte_map_base: 0x000001fd75968000

Marking Bits: (CMBitMap*) 0x000001fd70291720
 Bits: [0x000001fd79970000, 0x000001fd7d830000)

Polling page: 0x000001fd6e170000

Metaspace:

Usage:
  Non-class:     14.41 MB used.
      Class:      1.75 MB used.
       Both:     16.17 MB used.

Virtual space:
  Non-class space:       64.00 MB reserved,      14.62 MB ( 23%) committed,  1 nodes.
      Class space:        1.00 GB reserved,       1.94 MB ( <1%) committed,  1 nodes.
             Both:        1.06 GB reserved,      16.56 MB (  2%) committed. 

Chunk freelists:
   Non-Class:  1.23 MB
       Class:  14.05 MB
        Both:  15.27 MB

MaxMetaspaceSize: unlimited
CompressedClassSpaceSize: 1.00 GB
Initial GC threshold: 21.00 MB
Current GC threshold: 21.00 MB
CDS: on
 - commit_granule_bytes: 65536.
 - commit_granule_words: 8192.
 - virtual_space_node_default_size: 8388608.
 - enlarge_chunks_in_place: 1.
 - use_allocation_guard: 0.


Internal statistics:

num_allocs_failed_limit: 0.
num_arena_births: 260.
num_arena_deaths: 0.
num_vsnodes_births: 2.
num_vsnodes_deaths: 0.
num_space_committed: 265.
num_space_uncommitted: 0.
num_chunks_returned_to_freelist: 0.
num_chunks_taken_from_freelist: 789.
num_chunk_merges: 0.
num_chunk_splits: 580.
num_chunks_enlarged: 453.
num_inconsistent_stats: 0.

CodeHeap 'non-profiled nmethods': size=120000Kb used=2242Kb max_used=2242Kb free=117757Kb
 bounds [0x000001fd07ad0000, 0x000001fd07d40000, 0x000001fd0f000000]
CodeHeap 'profiled nmethods': size=120000Kb used=8312Kb max_used=8312Kb free=111687Kb
 bounds [0x000001fd00000000, 0x000001fd00820000, 0x000001fd07530000]
CodeHeap 'non-nmethods': size=5760Kb used=1548Kb max_used=1584Kb free=4211Kb
 bounds [0x000001fd07530000, 0x000001fd077a0000, 0x000001fd07ad0000]
 total_blobs=4642 nmethods=4144 adapters=402
 compilation: enabled
              stopped_count=0, restarted_count=0
 full_count=0

Compilation events (20 events):
Event: 53.716 Thread 0x000001fd7fc4c3c0 nmethod 4135 0x000001fd00817f90 code [0x000001fd00818200, 0x000001fd00818c40]
Event: 57.827 Thread 0x000001fd7fc4b100 4136       4       java.io.FilterOutputStream::write (34 bytes)
Event: 57.828 Thread 0x000001fd7fc4b100 nmethod 4136 0x000001fd07cff890 code [0x000001fd07cffa40, 0x000001fd07cffc10]
Event: 59.914 Thread 0x000001fd7fc4b100 4137       4       java.lang.StringCoding::implEncodeAsciiArray (47 bytes)
Event: 59.919 Thread 0x000001fd7fc4b100 nmethod 4137 0x000001fd07cffd90 code [0x000001fd07cfff20, 0x000001fd07d00178]
Event: 62.678 Thread 0x000001fd7fc4c3c0 4138       3       java.io.PrintStream::implWrite (50 bytes)
Event: 62.679 Thread 0x000001fd7fc4c3c0 nmethod 4138 0x000001fd00818f90 code [0x000001fd008191e0, 0x000001fd00819a50]
Event: 62.679 Thread 0x000001fd7fc4c3c0 4139       3       java.io.PrintStream::implNewLine (40 bytes)
Event: 62.680 Thread 0x000001fd7fc4c3c0 nmethod 4139 0x000001fd00819d90 code [0x000001fd00819fe0, 0x000001fd0081a850]
Event: 62.680 Thread 0x000001fd7fc4c3c0 4140       3       java.io.BufferedWriter::newLine (8 bytes)
Event: 62.680 Thread 0x000001fd7fc4c3c0 nmethod 4140 0x000001fd0081ab90 code [0x000001fd0081ad60, 0x000001fd0081b110]
Event: 62.680 Thread 0x000001fd7fc4c3c0 4141   !   3       java.io.PrintStream::write (81 bytes)
Event: 62.681 Thread 0x000001fd7fc4c3c0 nmethod 4141 0x000001fd0081b290 code [0x000001fd0081b560, 0x000001fd0081c398]
Event: 62.681 Thread 0x000001fd7fc4c3c0 4142   !   3       java.io.PrintStream::newLine (79 bytes)
Event: 62.682 Thread 0x000001fd7fc4c3c0 nmethod 4142 0x000001fd0081cb10 code [0x000001fd0081cde0, 0x000001fd0081dc00]
Event: 67.508 Thread 0x000001fd7fc4b100 4143       4       java.io.OutputStream::flush (1 bytes)
Event: 67.508 Thread 0x000001fd7fc4b100 nmethod 4143 0x000001fd07d00290 code [0x000001fd07d00420, 0x000001fd07d004a8]
Event: 87.494 Thread 0x000001fd7fc4b100 4144       4       java.lang.AbstractStringBuilder::appendChars (130 bytes)
Event: 87.506 Thread 0x000001fd7fc4b100 nmethod 4144 0x000001fd07d00590 code [0x000001fd07d00720, 0x000001fd07d00a20]
Event: 166.971 Thread 0x000001fd7fc4b100 4145       4       java.io.BufferedReader::implReadLine (301 bytes)

GC Heap History (4 events):
Event: 0.560 GC heap before
{Heap before GC invocations=0 (full 0):
 garbage-first heap   total 258048K, used 20480K [0x0000000705000000, 0x0000000800000000)
  region size 2048K, 11 young (22528K), 0 survivors (0K)
 Metaspace       used 4949K, committed 5120K, reserved 1114112K
  class space    used 563K, committed 640K, reserved 1048576K
}
Event: 0.563 GC heap after
{Heap after GC invocations=1 (full 0):
 garbage-first heap   total 258048K, used 3681K [0x0000000705000000, 0x0000000800000000)
  region size 2048K, 2 young (4096K), 2 survivors (4096K)
 Metaspace       used 4949K, committed 5120K, reserved 1114112K
  class space    used 563K, committed 640K, reserved 1048576K
}
Event: 1.692 GC heap before
{Heap before GC invocations=1 (full 0):
 garbage-first heap   total 258048K, used 36449K [0x0000000705000000, 0x0000000800000000)
  region size 2048K, 18 young (36864K), 2 survivors (4096K)
 Metaspace       used 10844K, committed 11136K, reserved 1114112K
  class space    used 1303K, committed 1472K, reserved 1048576K
}
Event: 1.697 GC heap after
{Heap after GC invocations=2 (full 0):
 garbage-first heap   total 258048K, used 6346K [0x0000000705000000, 0x0000000800000000)
  region size 2048K, 2 young (4096K), 2 survivors (4096K)
 Metaspace       used 10844K, committed 11136K, reserved 1114112K
  class space    used 1303K, committed 1472K, reserved 1048576K
}

Dll operation events (8 events):
Event: 0.006 Loaded shared library C:\Program Files\Java\jdk-21\bin\java.dll
Event: 0.057 Loaded shared library C:\Program Files\Java\jdk-21\bin\jsvml.dll
Event: 0.070 Loaded shared library C:\Program Files\Java\jdk-21\bin\net.dll
Event: 0.072 Loaded shared library C:\Program Files\Java\jdk-21\bin\nio.dll
Event: 0.074 Loaded shared library C:\Program Files\Java\jdk-21\bin\zip.dll
Event: 0.147 Loaded shared library C:\Program Files\Java\jdk-21\bin\jimage.dll
Event: 0.153 Loaded shared library C:\Users\rabot\.m2\wrapper\dists\apache-maven-3.8.5-bin\5i5jha092a3i37g0paqnfr15e0\apache-maven-3.8.5\lib\jansi-native\Windows\x86_64\jansi.dll
Event: 0.160 Loaded shared library C:\Program Files\Java\jdk-21\bin\verify.dll

Deoptimization events (20 events):
Event: 3.114 Thread 0x000001fd6e0459b0 DEOPT PACKING pc=0x000001fd07c1e69c sp=0x00000063febfe010
Event: 3.114 Thread 0x000001fd6e0459b0 DEOPT UNPACKING pc=0x000001fd07587da2 sp=0x00000063febfdfa0 mode 2
Event: 3.114 Thread 0x000001fd6e0459b0 Uncommon trap: trap_request=0xffffffde fr.pc=0x000001fd07c1e39c relative=0x000000000000007c
Event: 3.115 Thread 0x000001fd6e0459b0 Uncommon trap: reason=class_check action=maybe_recompile pc=0x000001fd07c1e39c method=java.util.Collections$UnmodifiableMap$UnmodifiableEntrySet$UnmodifiableEntry.getValue()Ljava/lang/Object; @ 4 c2
Event: 3.115 Thread 0x000001fd6e0459b0 DEOPT PACKING pc=0x000001fd07c1e39c sp=0x00000063febfe000
Event: 3.115 Thread 0x000001fd6e0459b0 DEOPT UNPACKING pc=0x000001fd07587da2 sp=0x00000063febfdf90 mode 2
Event: 3.117 Thread 0x000001fd6e0459b0 Uncommon trap: trap_request=0xffffff45 fr.pc=0x000001fd07ca1e80 relative=0x0000000000000320
Event: 3.117 Thread 0x000001fd6e0459b0 Uncommon trap: reason=unstable_if action=reinterpret pc=0x000001fd07ca1e80 method=java.util.StringTokenizer.skipDelimiters(I)I @ 21 c2
Event: 3.117 Thread 0x000001fd6e0459b0 DEOPT PACKING pc=0x000001fd07ca1e80 sp=0x00000063febfe090
Event: 3.117 Thread 0x000001fd6e0459b0 DEOPT UNPACKING pc=0x000001fd07587da2 sp=0x00000063febfdfd0 mode 2
Event: 3.117 Thread 0x000001fd6e0459b0 Uncommon trap: trap_request=0xffffff45 fr.pc=0x000001fd07c6217c relative=0x000000000000039c
Event: 3.117 Thread 0x000001fd6e0459b0 Uncommon trap: reason=unstable_if action=reinterpret pc=0x000001fd07c6217c method=java.util.StringTokenizer.scanToken(I)I @ 96 c2
Event: 3.117 Thread 0x000001fd6e0459b0 DEOPT PACKING pc=0x000001fd07c6217c sp=0x00000063febfe050
Event: 3.117 Thread 0x000001fd6e0459b0 DEOPT UNPACKING pc=0x000001fd07587da2 sp=0x00000063febfdfe0 mode 2
Event: 3.117 Thread 0x000001fd6e0459b0 Uncommon trap: trap_request=0xffffff45 fr.pc=0x000001fd07c62ef8 relative=0x0000000000000318
Event: 3.117 Thread 0x000001fd6e0459b0 Uncommon trap: reason=unstable_if action=reinterpret pc=0x000001fd07c62ef8 method=java.util.StringTokenizer.skipDelimiters(I)I @ 21 c2
Event: 3.117 Thread 0x000001fd6e0459b0 DEOPT PACKING pc=0x000001fd07c62ef8 sp=0x00000063febfe030
Event: 3.117 Thread 0x000001fd6e0459b0 DEOPT UNPACKING pc=0x000001fd07587da2 sp=0x00000063febfdfd0 mode 2
Event: 51.336 Thread 0x000001fd56693c50 DEOPT PACKING pc=0x000001fd0023e132 sp=0x00000063806ff1b0
Event: 51.336 Thread 0x000001fd56693c50 DEOPT UNPACKING pc=0x000001fd075888e2 sp=0x00000063806fe6b8 mode 0

Classes loaded (20 events):
Event: 3.136 Loading class java/lang/Process$PipeInputStream
Event: 3.136 Loading class java/lang/Process$PipeInputStream done
Event: 3.140 Loading class jdk/internal/event/ProcessStartEvent
Event: 3.140 Loading class jdk/internal/event/ProcessStartEvent done
Event: 3.140 Loading class jdk/internal/logger/LazyLoggers
Event: 3.140 Loading class jdk/internal/logger/LazyLoggers done
Event: 3.141 Loading class jdk/internal/logger/LazyLoggers$1
Event: 3.141 Loading class jdk/internal/logger/LazyLoggers$1 done
Event: 3.141 Loading class jdk/internal/logger/LazyLoggers$LazyLoggerFactories
Event: 3.141 Loading class jdk/internal/logger/LazyLoggers$LazyLoggerFactories done
Event: 3.142 Loading class jdk/internal/logger/LoggerFinderLoader
Event: 3.143 Loading class jdk/internal/logger/LoggerFinderLoader done
Event: 3.144 Loading class sun/util/logging/internal/LoggingProviderImpl$JULWrapper
Event: 3.144 Loading class sun/util/logging/PlatformLogger$ConfigurableBridge$LoggerConfiguration
Event: 3.144 Loading class sun/util/logging/PlatformLogger$ConfigurableBridge$LoggerConfiguration done
Event: 3.144 Loading class sun/util/logging/internal/LoggingProviderImpl$JULWrapper done
Event: 3.144 Loading class java/lang/System$Logger$Level
Event: 3.144 Loading class java/lang/System$Logger$Level done
Event: 3.145 Loading class java/security/AccessControlException
Event: 3.145 Loading class java/security/AccessControlException done

Classes unloaded (0 events):
No events

Classes redefined (0 events):
No events

Internal exceptions (20 events):
Event: 1.432 Thread 0x000001fd6e0459b0 Exception <a 'java/lang/NoSuchMethodError'{0x0000000712ae9318}: 'int java.lang.invoke.DirectMethodHandle$Holder.invokeSpecial(java.lang.Object, java.lang.Object, java.lang.Object)'> (0x0000000712ae9318) 
thrown [s\open\src\hotspot\share\interpreter\linkResolver.cpp, line 773]
Event: 1.541 Thread 0x000001fd6e0459b0 Exception <a 'java/lang/NoSuchMethodError'{0x0000000712b70078}: 'java.lang.Object java.lang.invoke.DirectMethodHandle$Holder.newInvokeSpecial(java.lang.Object, java.lang.Object, java.lang.Object, java.lang.Object, java.lang.Object, java.lang.Object, java.lang.Object)'> (0x0000000712b70078) 
thrown [s\open\src\hotspot\share\interpreter\linkResolver.cpp, line 773]
Event: 1.554 Thread 0x000001fd6e0459b0 Exception <a 'java/lang/NoSuchMethodError'{0x0000000712ba8e18}: 'java.lang.Object java.lang.invoke.DirectMethodHandle$Holder.newInvokeSpecial(java.lang.Object, java.lang.Object, java.lang.Object, java.lang.Object, java.lang.Object, java.lang.Object, java.lang.Object, java.lang.Object, java.lang.Object)'> (0x0000000712ba8e18) 
thrown [s\open\src\hotspot\share\interpreter\linkResolver.cpp, line 773]
Event: 1.576 Thread 0x000001fd6e0459b0 Exception <a 'java/lang/NoSuchMethodError'{0x0000000712851218}: 'java.lang.Object java.lang.invoke.DirectMethodHandle$Holder.newInvokeSpecial(java.lang.Object, java.lang.Object, java.lang.Object, java.lang.Object, java.lang.Object, java.lang.Object, java.lang.Object, java.lang.Object, java.lang.Object, java.lang.Object, java.lang.Object, java.lang.Object)'> (0x0000000712851218) 
thrown [s\open\src\hotspot\share\interpreter\linkResolver.cpp, line 773]
Event: 1.586 Thread 0x000001fd6e0459b0 Exception <a 'java/lang/NoSuchMethodError'{0x0000000712896500}: 'java.lang.Object java.lang.invoke.DirectMethodHandle$Holder.invokeStatic(java.lang.Object, java.lang.Object, java.lang.Object, java.lang.Object, java.lang.Object, java.lang.Object, java.lang.Object, java.lang.Object, java.lang.Object, java.lang.Object, java.lang.Object, java.lang.Object, java.lang.Object)'> (0x0000000712896500) 
thrown [s\open\src\hotspot\share\interpreter\linkResolver.cpp, line 773]
Event: 1.596 Thread 0x000001fd6e0459b0 Exception <a 'java/lang/NoSuchMethodError'{0x00000007128b5368}: 'java.lang.Object java.lang.invoke.DirectMethodHandle$Holder.invokeStatic(java.lang.Object, java.lang.Object, java.lang.Object, java.lang.Object, java.lang.Object, java.lang.Object, java.lang.Object, java.lang.Object, java.lang.Object, java.lang.Object, java.lang.Object, java.lang.Object, java.lang.Object, java.lang.Object)'> (0x00000007128b5368) 
thrown [s\open\src\hotspot\share\interpreter\linkResolver.cpp, line 773]
Event: 1.604 Thread 0x000001fd6e0459b0 Exception <a 'java/lang/NoSuchMethodError'{0x00000007128d62c8}: 'java.lang.Object java.lang.invoke.DirectMethodHandle$Holder.invokeStatic(java.lang.Object, java.lang.Object, java.lang.Object, java.lang.Object, java.lang.Object, java.lang.Object, java.lang.Object, java.lang.Object, java.lang.Object, java.lang.Object, java.lang.Object, java.lang.Object, java.lang.Object, java.lang.Object, java.lang.Object)'> (0x00000007128d62c8) 
thrown [s\open\src\hotspot\share\interpreter\linkResolver.cpp, line 773]
Event: 1.657 Thread 0x000001fd6e0459b0 Exception <a 'java/lang/NoSuchMethodError'{0x000000071293fd38}: 'java.lang.Object java.lang.invoke.DirectMethodHandle$Holder.invokeStaticInit(java.lang.Object, int, int, int, int)'> (0x000000071293fd38) 
thrown [s\open\src\hotspot\share\interpreter\linkResolver.cpp, line 773]
Event: 1.814 Thread 0x000001fd6e0459b0 Exception <a 'java/lang/NoSuchMethodError'{0x00000007147491c0}: 'void java.lang.invoke.DirectMethodHandle$Holder.invokeVirtual(java.lang.Object, java.lang.Object, int)'> (0x00000007147491c0) 
thrown [s\open\src\hotspot\share\interpreter\linkResolver.cpp, line 773]
Event: 1.815 Thread 0x000001fd6e0459b0 Exception <a 'java/lang/NoSuchMethodError'{0x000000071474d308}: 'int java.lang.invoke.DirectMethodHandle$Holder.invokeSpecial(java.lang.Object, java.lang.Object, java.lang.Object, int)'> (0x000000071474d308) 
thrown [s\open\src\hotspot\share\interpreter\linkResolver.cpp, line 773]
Event: 1.816 Thread 0x000001fd6e0459b0 Exception <a 'java/lang/NoSuchMethodError'{0x000000071475d8c0}: 'java.lang.Object java.lang.invoke.DirectMethodHandle$Holder.invokeStatic(java.lang.Object, java.lang.Object, java.lang.Object, java.lang.Object, int)'> (0x000000071475d8c0) 
thrown [s\open\src\hotspot\share\interpreter\linkResolver.cpp, line 773]
Event: 1.817 Thread 0x000001fd6e0459b0 Exception <a 'java/lang/NoSuchMethodError'{0x00000007147688d0}: 'void java.lang.invoke.DelegatingMethodHandle$Holder.reinvoke_L(java.lang.Object, java.lang.Object, int)'> (0x00000007147688d0) 
thrown [s\open\src\hotspot\share\interpreter\linkResolver.cpp, line 773]
Event: 1.899 Thread 0x000001fd6e0459b0 Implicit null exception at 0x000001fd07b94f9f to 0x000001fd07b951e4
Event: 1.899 Thread 0x000001fd6e0459b0 Implicit null exception at 0x000001fd07b5c319 to 0x000001fd07b5c508
Event: 1.949 Thread 0x000001fd6e0459b0 Implicit null exception at 0x000001fd07b8a219 to 0x000001fd07b8a3fc
Event: 2.348 Thread 0x000001fd6e0459b0 Exception <a 'java/lang/NoSuchMethodError'{0x0000000712a73658}: 'void java.lang.invoke.Invokers$Holder.invokeExact_MT(java.lang.Object, java.lang.Object, int, java.lang.Object)'> (0x0000000712a73658) 
thrown [s\open\src\hotspot\share\interpreter\linkResolver.cpp, line 773]
Event: 3.132 Thread 0x000001fd6e0459b0 Exception <a 'java/lang/NoSuchMethodError'{0x000000070ef32ea0}: 'void java.lang.invoke.DirectMethodHandle$Holder.invokeStatic(java.lang.Object, long)'> (0x000000070ef32ea0) 
thrown [s\open\src\hotspot\share\interpreter\linkResolver.cpp, line 773]
Event: 3.133 Thread 0x000001fd6e0459b0 Exception <a 'java/lang/NoSuchMethodError'{0x000000070ef37fe0}: 'java.lang.Object java.lang.invoke.DirectMethodHandle$Holder.newInvokeSpecial(java.lang.Object, long)'> (0x000000070ef37fe0) 
thrown [s\open\src\hotspot\share\interpreter\linkResolver.cpp, line 773]
Event: 3.134 Thread 0x000001fd6e0459b0 Exception <a 'java/lang/NoSuchMethodError'{0x000000070ef3f3c0}: 'java.lang.Object java.lang.invoke.DirectMethodHandle$Holder.invokeStatic(java.lang.Object, long, java.lang.Object)'> (0x000000070ef3f3c0) 
thrown [s\open\src\hotspot\share\interpreter\linkResolver.cpp, line 773]
Event: 3.134 Thread 0x000001fd6e0459b0 Exception <a 'java/lang/NoSuchMethodError'{0x000000070ef42b48}: 'java.lang.Object java.lang.invoke.DirectMethodHandle$Holder.invokeStaticInit(java.lang.Object, long, java.lang.Object)'> (0x000000070ef42b48) 
thrown [s\open\src\hotspot\share\interpreter\linkResolver.cpp, line 773]

ZGC Phase Switch (0 events):
No events

VM Operations (20 events):
Event: 3.146 Executing VM operation: HandshakeAllThreads (Deoptimize)
Event: 3.146 Executing VM operation: HandshakeAllThreads (Deoptimize) done
Event: 4.146 Executing VM operation: Cleanup
Event: 4.146 Executing VM operation: Cleanup done
Event: 5.147 Executing VM operation: Cleanup
Event: 5.147 Executing VM operation: Cleanup done
Event: 14.149 Executing VM operation: Cleanup
Event: 14.149 Executing VM operation: Cleanup done
Event: 17.150 Executing VM operation: Cleanup
Event: 17.150 Executing VM operation: Cleanup done
Event: 54.161 Executing VM operation: Cleanup
Event: 54.161 Executing VM operation: Cleanup done
Event: 58.161 Executing VM operation: Cleanup
Event: 58.161 Executing VM operation: Cleanup done
Event: 60.186 Executing VM operation: HandshakeAllThreads (HandshakeForDeflation)
Event: 60.187 Executing VM operation: HandshakeAllThreads (HandshakeForDeflation) done
Event: 60.187 Executing VM operation: RendezvousGCThreads
Event: 60.187 Executing VM operation: RendezvousGCThreads done
Event: 68.190 Executing VM operation: Cleanup
Event: 68.191 Executing VM operation: Cleanup done

Events (17 events):
Event: 0.040 Thread 0x000001fd6e0459b0 Thread added: 0x000001fd6e0459b0
Event: 0.055 Thread 0x000001fd7fc34990 Thread added: 0x000001fd7fc34990
Event: 0.055 Thread 0x000001fd7fc355f0 Thread added: 0x000001fd7fc355f0
Event: 0.055 Thread 0x000001fd7fc38710 Thread added: 0x000001fd7fc38710
Event: 0.055 Thread 0x000001fd7fc39260 Thread added: 0x000001fd7fc39260
Event: 0.055 Thread 0x000001fd7fc3d3f0 Thread added: 0x000001fd7fc3d3f0
Event: 0.055 Thread 0x000001fd7fc46e70 Thread added: 0x000001fd7fc46e70
Event: 0.055 Thread 0x000001fd7fc4b100 Thread added: 0x000001fd7fc4b100
Event: 0.055 Thread 0x000001fd7fc4c3c0 Thread added: 0x000001fd7fc4c3c0
Event: 0.066 Thread 0x000001fd0f5eae10 Thread added: 0x000001fd0f5eae10
Event: 0.067 Thread 0x000001fd0f5ee2c0 Thread added: 0x000001fd0f5ee2c0
Event: 0.260 Thread 0x000001fd5513b6b0 Thread added: 0x000001fd5513b6b0
Event: 0.523 Thread 0x000001fd5513c450 Thread added: 0x000001fd5513c450
Event: 3.153 Thread 0x000001fd56693c50 Thread added: 0x000001fd56693c50
Event: 3.154 Thread 0x000001fd5630dcd0 Thread added: 0x000001fd5630dcd0
Event: 5.204 Thread 0x000001fd5513c450 Thread exited: 0x000001fd5513c450
Event: 6.015 Thread 0x000001fd5513b6b0 Thread exited: 0x000001fd5513b6b0


Dynamic libraries:
0x00007ff7c3250000 - 0x00007ff7c3260000 	C:\Program Files\Java\jdk-21\bin\java.exe
0x00007ffd306b0000 - 0x00007ffd308c7000 	C:\WINDOWS\SYSTEM32\ntdll.dll
0x00007ffd2ead0000 - 0x00007ffd2eb94000 	C:\WINDOWS\System32\KERNEL32.DLL
0x00007ffd2dc80000 - 0x00007ffd2e02d000 	C:\WINDOWS\System32\KERNELBASE.dll
0x00007ffd2da50000 - 0x00007ffd2db61000 	C:\WINDOWS\System32\ucrtbase.dll
0x00007ffcfe260000 - 0x00007ffcfe27b000 	C:\Program Files\Java\jdk-21\bin\VCRUNTIME140.dll
0x00007ffcfe280000 - 0x00007ffcfe299000 	C:\Program Files\Java\jdk-21\bin\jli.dll
0x00007ffd2edc0000 - 0x00007ffd2ee72000 	C:\WINDOWS\System32\ADVAPI32.dll
0x00007ffd2f110000 - 0x00007ffd2f1b7000 	C:\WINDOWS\System32\msvcrt.dll
0x00007ffd2ea20000 - 0x00007ffd2eac9000 	C:\WINDOWS\System32\sechost.dll
0x00007ffd2e150000 - 0x00007ffd2e178000 	C:\WINDOWS\System32\bcrypt.dll
0x00007ffd2e5b0000 - 0x00007ffd2e6c4000 	C:\WINDOWS\System32\RPCRT4.dll
0x00007ffd2f1c0000 - 0x00007ffd2f36e000 	C:\WINDOWS\System32\USER32.dll
0x00007ffd2e2f0000 - 0x00007ffd2e316000 	C:\WINDOWS\System32\win32u.dll
0x00007ffd204b0000 - 0x00007ffd20743000 	C:\WINDOWS\WinSxS\amd64_microsoft.windows.common-controls_6595b64144ccf1df_6.0.22621.3672_none_2713b9d173822955\COMCTL32.dll
0x00007ffd2ed70000 - 0x00007ffd2ed99000 	C:\WINDOWS\System32\GDI32.dll
0x00007ffd2e030000 - 0x00007ffd2e149000 	C:\WINDOWS\System32\gdi32full.dll
0x00007ffd2dbe0000 - 0x00007ffd2dc7a000 	C:\WINDOWS\System32\msvcp_win.dll
0x00007ffd219c0000 - 0x00007ffd219ca000 	C:\WINDOWS\SYSTEM32\VERSION.dll
0x00007ffd2e570000 - 0x00007ffd2e5a1000 	C:\WINDOWS\System32\IMM32.DLL
0x00007ffd001e0000 - 0x00007ffd001ec000 	C:\Program Files\Java\jdk-21\bin\vcruntime140_1.dll
0x00007ffcf6c50000 - 0x00007ffcf6cde000 	C:\Program Files\Java\jdk-21\bin\msvcp140.dll
0x00007ffc18210000 - 0x00007ffc18f23000 	C:\Program Files\Java\jdk-21\bin\server\jvm.dll
0x00007ffd2e7d0000 - 0x00007ffd2e841000 	C:\WINDOWS\System32\WS2_32.dll
0x00007ffd2c880000 - 0x00007ffd2c8cd000 	C:\WINDOWS\SYSTEM32\POWRPROF.dll
0x00007ffd25040000 - 0x00007ffd25074000 	C:\WINDOWS\SYSTEM32\WINMM.dll
0x00007ffd2c860000 - 0x00007ffd2c873000 	C:\WINDOWS\SYSTEM32\UMPDC.dll
0x00007ffd2cb10000 - 0x00007ffd2cb28000 	C:\WINDOWS\SYSTEM32\kernel.appcore.dll
0x00007ffcfe210000 - 0x00007ffcfe21a000 	C:\Program Files\Java\jdk-21\bin\jimage.dll
0x00007ffd2ae50000 - 0x00007ffd2b082000 	C:\WINDOWS\SYSTEM32\DBGHELP.DLL
0x00007ffd30220000 - 0x00007ffd305ae000 	C:\WINDOWS\System32\combase.dll
0x00007ffd2e3e0000 - 0x00007ffd2e4b7000 	C:\WINDOWS\System32\OLEAUT32.dll
0x00007ffd1dcf0000 - 0x00007ffd1dd22000 	C:\WINDOWS\SYSTEM32\dbgcore.DLL
0x00007ffd2d9d0000 - 0x00007ffd2da4b000 	C:\WINDOWS\System32\bcryptPrimitives.dll
0x00007ffcfe1f0000 - 0x00007ffcfe20f000 	C:\Program Files\Java\jdk-21\bin\java.dll
0x00007ffd2f370000 - 0x00007ffd2fbd7000 	C:\WINDOWS\System32\SHELL32.dll
0x00007ffd2b930000 - 0x00007ffd2c22f000 	C:\WINDOWS\SYSTEM32\windows.storage.dll
0x00007ffd2b7f0000 - 0x00007ffd2b92f000 	C:\WINDOWS\SYSTEM32\wintypes.dll
0x00007ffd2e6d0000 - 0x00007ffd2e7c9000 	C:\WINDOWS\System32\SHCORE.dll
0x00007ffd2e940000 - 0x00007ffd2e99e000 	C:\WINDOWS\System32\shlwapi.dll
0x00007ffd2d900000 - 0x00007ffd2d927000 	C:\WINDOWS\SYSTEM32\profapi.dll
0x00007ffca15a0000 - 0x00007ffca1677000 	C:\Program Files\Java\jdk-21\bin\jsvml.dll
0x00007ffcfdea0000 - 0x00007ffcfdeb0000 	C:\Program Files\Java\jdk-21\bin\net.dll
0x00007ffd268b0000 - 0x00007ffd269e6000 	C:\WINDOWS\SYSTEM32\WINHTTP.dll
0x00007ffd2cf80000 - 0x00007ffd2cfe9000 	C:\WINDOWS\system32\mswsock.dll
0x00007ffcfde80000 - 0x00007ffcfde96000 	C:\Program Files\Java\jdk-21\bin\nio.dll
0x00007ffcfa350000 - 0x00007ffcfa368000 	C:\Program Files\Java\jdk-21\bin\zip.dll
0x0000000069ac0000 - 0x0000000069ae4000 	C:\Users\rabot\.m2\wrapper\dists\apache-maven-3.8.5-bin\5i5jha092a3i37g0paqnfr15e0\apache-maven-3.8.5\lib\jansi-native\Windows\x86_64\jansi.dll
0x00007ffcfa340000 - 0x00007ffcfa350000 	C:\Program Files\Java\jdk-21\bin\verify.dll

dbghelp: loaded successfully - version: 4.0.5 - missing functions: none
symbol engine: initialized successfully - sym options: 0x614 - pdb path: .;C:\Program Files\Java\jdk-21\bin;C:\WINDOWS\SYSTEM32;C:\WINDOWS\WinSxS\amd64_microsoft.windows.common-controls_6595b64144ccf1df_6.0.22621.3672_none_2713b9d173822955;C:\Program Files\Java\jdk-21\bin\server;C:\Users\rabot\.m2\wrapper\dists\apache-maven-3.8.5-bin\5i5jha092a3i37g0paqnfr15e0\apache-maven-3.8.5\lib\jansi-native\Windows\x86_64

VM Arguments:
jvm_args: -Dclassworlds.conf=C:\Users\rabot\.m2\wrapper\dists\apache-maven-3.8.5-bin\5i5jha092a3i37g0paqnfr15e0\apache-maven-3.8.5\bin\m2.conf -Dmaven.home=C:\Users\rabot\.m2\wrapper\dists\apache-maven-3.8.5-bin\5i5jha092a3i37g0paqnfr15e0\apache-maven-3.8.5 -Dlibrary.jansi.path=C:\Users\rabot\.m2\wrapper\dists\apache-maven-3.8.5-bin\5i5jha092a3i37g0paqnfr15e0\apache-maven-3.8.5\lib\jansi-native -Dmaven.multiModuleProjectDirectory=C:\Users\rabot\source\repos\PLAY-project 
java_command: org.codehaus.plexus.classworlds.launcher.Launcher -D idea.version=2024.1.4 gluonfx:compile gluonfx:link
java_class_path (initial): C:\Users\rabot\.m2\wrapper\dists\apache-maven-3.8.5-bin\5i5jha092a3i37g0paqnfr15e0\apache-maven-3.8.5\boot\plexus-classworlds-2.6.0.jar
Launcher Type: SUN_STANDARD

[Global flags]
     intx CICompilerCount                          = 4                                         {product} {ergonomic}
     uint ConcGCThreads                            = 2                                         {product} {ergonomic}
     uint G1ConcRefinementThreads                  = 8                                         {product} {ergonomic}
   size_t G1HeapRegionSize                         = 2097152                                   {product} {ergonomic}
    uintx GCDrainStackTargetSize                   = 64                                        {product} {ergonomic}
   size_t InitialHeapSize                          = 264241152                                 {product} {ergonomic}
   size_t MarkStackSize                            = 4194304                                   {product} {ergonomic}
   size_t MaxHeapSize                              = 4211081216                                {product} {ergonomic}
   size_t MaxNewSize                               = 2524971008                                {product} {ergonomic}
   size_t MinHeapDeltaBytes                        = 2097152                                   {product} {ergonomic}
   size_t MinHeapSize                              = 8388608                                   {product} {ergonomic}
    uintx NonNMethodCodeHeapSize                   = 5839372                                {pd product} {ergonomic}
    uintx NonProfiledCodeHeapSize                  = 122909434                              {pd product} {ergonomic}
    uintx ProfiledCodeHeapSize                     = 122909434                              {pd product} {ergonomic}
    uintx ReservedCodeCacheSize                    = 251658240                              {pd product} {ergonomic}
     bool SegmentedCodeCache                       = true                                      {product} {ergonomic}
   size_t SoftMaxHeapSize                          = 4211081216                             {manageable} {ergonomic}
     bool UseCompressedOops                        = true                           {product lp64_product} {ergonomic}
     bool UseG1GC                                  = true                                      {product} {ergonomic}
     bool UseLargePagesIndividualAllocation        = false                                  {pd product} {ergonomic}

Logging:
Log output configuration:
 #0: stdout all=warning uptime,level,tags foldmultilines=false
 #1: stderr all=off uptime,level,tags foldmultilines=false

Environment Variables:
JAVA_HOME=C:\Program Files\Java\jdk-21
PATH=C:\Python312\Scripts\;C:\Python312\;C:\Python311\Scripts\;C:\Python311\;C:\Program Files\Common Files\Oracle\Java\javapath;C:\Program Files (x86)\Common Files\Intel\Shared Libraries\redist\intel64\compiler;C:\Windows\system32;C:\Windows;C:\Windows\System32\Wbem;C:\Windows\System32\WindowsPowerShell\v1.0\;C:\Windows\System32\OpenSSH\;C:\Program Files (x86)\NVIDIA Corporation\PhysX\Common;C:\Program Files\NVIDIA Corporation\NVIDIA NvDLISR;C:\Program Files\Microsoft SQL Server\150\Tools\Binn\;C:\Program Files\dotnet\;C:\WINDOWS\system32;C:\WINDOWS;C:\WINDOWS\System32\Wbem;C:\WINDOWS\System32\WindowsPowerShell\v1.0\;C:\WINDOWS\System32\OpenSSH\;C:\Program Files\WireGuard\;C:\ProgramData\chocolatey\bin;C:\Program Files\jEdit;C:\Program Files\nodejs\;C:\Program Files\Microsoft SQL Server\Client SDK\ODBC\170\Tools\Binn\;C:\Program Files (x86)\Windows Kits\10\Windows Performance Toolkit\;C:\Program Files\gs\gs10.03.1\bin;C:\Program Files\Java\jdk-21\bin;C:\Program Files\Apache\Maven\apache-maven-3.9.8\bin\;C:\Program Files\Git\cmd;C:\Users\rabot\AppData\Local\Microsoft\WindowsApps;C:\Users\rabot\AppData\Local\Programs\Microsoft VS Code\bin;C:\Users\rabot\AppData\Local\GitHubDesktop\bin;C:\Users\rabot\AppData\Roaming\npm;C:\Users\rabot\.dotnet\tools;C:\Python312\;C:\Python312\Scripts\;C:\Program Files\JetBrains\IntelliJ IDEA 2024.1.4\bin;C:\Program Files\JetBrains\DataGrip 2024.1.4\bin;C:\Program Files\JetBrains\DataSpell 2024.1.3\bin;C:\Users\rabot\AppData\Local\JetBrains\Toolbox\scripts;
USERNAME=rabot
OS=Windows_NT
PROCESSOR_IDENTIFIER=Intel64 Family 6 Model 140 Stepping 1, GenuineIntel
TMP=C:\Users\rabot\AppData\Local\Temp
TEMP=C:\Users\rabot\AppData\Local\Temp




---------------  S Y S T E M  ---------------

OS:
 Windows 11 , 64 bit Build 22621 (10.0.22621.3958)
OS uptime: 1 days 2:56 hours

CPU: total 8 (initial active 8) (4 cores per cpu, 2 threads per core) family 6 model 140 stepping 1 microcode 0x86, cx8, cmov, fxsr, ht, mmx, 3dnowpref, sse, sse2, sse3, ssse3, sse4.1, sse4.2, popcnt, lzcnt, tsc, tscinvbit, avx, avx2, aes, erms, clmul, bmi1, bmi2, adx, avx512f, avx512dq, avx512cd, avx512bw, avx512vl, sha, fma, vzeroupper, avx512_vpopcntdq, avx512_vpclmulqdq, avx512_vaes, avx512_vnni, clflush, clflushopt, clwb, avx512_vbmi2, avx512_vbmi, rdtscp, rdpid, fsrm, gfni, avx512_bitalg, f16c, pku, cet_ibt, cet_ss, avx512_ifma
Processor Information for all 8 processors :
  Max Mhz: 3302, Current Mhz: 3302, Mhz Limit: 3302

Memory: 4k page, system-wide physical 16062M (478M free)
TotalPageFile size 65214M (AvailPageFile size 1074M)
current process WorkingSet (physical memory assigned to process): 15M, peak: 186M
current process commit charge ("private bytes"): 371M, peak: 387M

vm_info: Java HotSpot(TM) 64-Bit Server VM (21+35-LTS-2513) for windows-amd64 JRE (21+35-LTS-2513), built on 2023-08-09T20:25:10Z by "mach5one" with MS VC++ 17.1 (VS2022)

END.
