#
# There is insufficient memory for the Java Runtime Environment to continue.
# Native memory allocation (malloc) failed to allocate 32744 bytes for Chunk::new
# Possible reasons:
#   The system is out of physical RAM or swap space
#   The process is running with CompressedOops enabled, and the Java Heap may be blocking the growth of the native heap
# Possible solutions:
#   Reduce memory load on the system
#   Increase physical memory or swap space
#   Check if swap backing store is full
#   Decrease Java heap size (-Xmx/-Xms)
#   Decrease number of Java threads
#   Decrease Java thread stack sizes (-Xss)
#   Set larger code cache with -XX:ReservedCodeCacheSize=
#   JVM is running with Zero Based Compressed Oops mode in which the Java heap is
#     placed in the first 32GB address space. The Java Heap base address is the
#     maximum limit for the native heap growth. Please use -XX:HeapBaseMinAddress
#     to set the Java Heap base and to place the Java Heap above 32GB virtual address.
# This output file may be truncated or incomplete.
#
#  Out of Memory Error (arena.cpp:166), pid=19644, tid=25780
#
# JRE version: Java(TM) SE Runtime Environment (21.0+35) (build 21+35-LTS-2513)
# Java VM: Java HotSpot(TM) 64-Bit Server VM (21+35-LTS-2513, mixed mode, sharing, tiered, compressed oops, compressed class ptrs, g1 gc, windows-amd64)
# No core dump will be written. Minidumps are not enabled by default on client versions of Windows
#

---------------  S U M M A R Y ------------

Command Line: -Dclassworlds.conf=C:\Users\rabot\.m2\wrapper\dists\apache-maven-3.8.5-bin\5i5jha092a3i37g0paqnfr15e0\apache-maven-3.8.5\bin\m2.conf -Dmaven.home=C:\Users\rabot\.m2\wrapper\dists\apache-maven-3.8.5-bin\5i5jha092a3i37g0paqnfr15e0\apache-maven-3.8.5 -Dlibrary.jansi.path=C:\Users\rabot\.m2\wrapper\dists\apache-maven-3.8.5-bin\5i5jha092a3i37g0paqnfr15e0\apache-maven-3.8.5\lib\jansi-native -Dmaven.multiModuleProjectDirectory=C:\Users\rabot\source\repos\PLAY-project org.codehaus.plexus.classworlds.launcher.Launcher -D idea.version=2024.1.4 gluonfx:compile gluonfx:link

Host: 11th Gen Intel(R) Core(TM) i7-11370H @ 3.30GHz, 8 cores, 15G,  Windows 11 , 64 bit Build 22621 (10.0.22621.3958)
Time: Sun Sep 15 17:14:01 2024 ora legale Europa occidentale elapsed time: 5.542215 seconds (0d 0h 0m 5s)

---------------  T H R E A D  ---------------

Current thread (0x000001d362bbf440):  JavaThread "C1 CompilerThread0" daemon [_thread_in_native, id=25780, stack(0x000000a5f6900000,0x000000a5f6a00000) (1024K)]


Current CompileTask:
C1:   5542 3950       3       org.fusesource.jansi.io.FastBufferedOutputStream::write (35 bytes)

Stack: [0x000000a5f6900000,0x000000a5f6a00000]
Native frames: (J=compiled Java code, j=interpreted, Vv=VM code, C=native code)
V  [jvm.dll+0x6c8d39]
V  [jvm.dll+0x854091]
V  [jvm.dll+0x85630e]
V  [jvm.dll+0x8569e3]
V  [jvm.dll+0x2809a6]
V  [jvm.dll+0xc3e6d]
V  [jvm.dll+0xc4383]
V  [jvm.dll+0x198af2]
V  [jvm.dll+0x19aee4]
V  [jvm.dll+0x1546e3]
V  [jvm.dll+0x153f98]
V  [jvm.dll+0x1541d4]
V  [jvm.dll+0x153616]
V  [jvm.dll+0x15537d]
V  [jvm.dll+0x2583e9]
V  [jvm.dll+0x2569ca]
V  [jvm.dll+0x3eef66]
V  [jvm.dll+0x7fd2c8]
V  [jvm.dll+0x6c748d]
C  [ucrtbase.dll+0x29333]
C  [KERNEL32.DLL+0x1257d]
C  [ntdll.dll+0x5af28]


---------------  P R O C E S S  ---------------

Threads class SMR info:
_java_thread_list=0x000001d367fec520, length=13, elements={
0x000001d3419d37e0, 0x000001d362ba0de0, 0x000001d362ba1c00, 0x000001d362ba5ef0,
0x000001d362ba6de0, 0x000001d362ba7840, 0x000001d362baa3e0, 0x000001d362bb4d30,
0x000001d362bbf440, 0x000001d367116090, 0x000001d36711aff0, 0x000001d3680dae70,
0x000001d3680db4e0
}

Java Threads: ( => current thread )
  0x000001d3419d37e0 JavaThread "main"                              [_thread_in_native, id=35888, stack(0x000000a5f5a00000,0x000000a5f5b00000) (1024K)]
  0x000001d362ba0de0 JavaThread "Reference Handler"          daemon [_thread_blocked, id=37652, stack(0x000000a5f6200000,0x000000a5f6300000) (1024K)]
  0x000001d362ba1c00 JavaThread "Finalizer"                  daemon [_thread_blocked, id=12732, stack(0x000000a5f6300000,0x000000a5f6400000) (1024K)]
  0x000001d362ba5ef0 JavaThread "Signal Dispatcher"          daemon [_thread_blocked, id=37648, stack(0x000000a5f6400000,0x000000a5f6500000) (1024K)]
  0x000001d362ba6de0 JavaThread "Attach Listener"            daemon [_thread_blocked, id=36412, stack(0x000000a5f6500000,0x000000a5f6600000) (1024K)]
  0x000001d362ba7840 JavaThread "Service Thread"             daemon [_thread_blocked, id=5456, stack(0x000000a5f6600000,0x000000a5f6700000) (1024K)]
  0x000001d362baa3e0 JavaThread "Monitor Deflation Thread"   daemon [_thread_blocked, id=4156, stack(0x000000a5f6700000,0x000000a5f6800000) (1024K)]
  0x000001d362bb4d30 JavaThread "C2 CompilerThread0"         daemon [_thread_blocked, id=7032, stack(0x000000a5f6800000,0x000000a5f6900000) (1024K)]
=>0x000001d362bbf440 JavaThread "C1 CompilerThread0"         daemon [_thread_in_native, id=25780, stack(0x000000a5f6900000,0x000000a5f6a00000) (1024K)]
  0x000001d367116090 JavaThread "Notification Thread"        daemon [_thread_blocked, id=8336, stack(0x000000a5f6a00000,0x000000a5f6b00000) (1024K)]
  0x000001d36711aff0 JavaThread "Common-Cleaner"             daemon [_thread_blocked, id=6844, stack(0x000000a5f6b00000,0x000000a5f6c00000) (1024K)]
  0x000001d3680dae70 JavaThread "StreamPumper-systemOut"            [_thread_in_native, id=28168, stack(0x000000a5f7300000,0x000000a5f7400000) (1024K)]
  0x000001d3680db4e0 JavaThread "StreamPumper-systemErr"            [_thread_in_native, id=34900, stack(0x000000a5f7400000,0x000000a5f7500000) (1024K)]
Total: 13

Other Threads:
  0x000001d362b80ab0 VMThread "VM Thread"                           [id=28580, stack(0x000000a5f6100000,0x000000a5f6200000) (1024K)]
  0x000001d362b6bbb0 WatcherThread "VM Periodic Task Thread"        [id=16268, stack(0x000000a5f6000000,0x000000a5f6100000) (1024K)]
  0x000001d343bc2490 WorkerThread "GC Thread#0"                     [id=33756, stack(0x000000a5f5b00000,0x000000a5f5c00000) (1024K)]
  0x000001d362b811f0 WorkerThread "GC Thread#1"                     [id=24712, stack(0x000000a5f6c00000,0x000000a5f6d00000) (1024K)]
  0x000001d362b81cd0 WorkerThread "GC Thread#2"                     [id=23200, stack(0x000000a5f6d00000,0x000000a5f6e00000) (1024K)]
  0x000001d362b82070 WorkerThread "GC Thread#3"                     [id=38832, stack(0x000000a5f6e00000,0x000000a5f6f00000) (1024K)]
  0x000001d362b81590 WorkerThread "GC Thread#4"                     [id=38828, stack(0x000000a5f6f00000,0x000000a5f7000000) (1024K)]
  0x000001d362b81930 WorkerThread "GC Thread#5"                     [id=38824, stack(0x000000a5f7000000,0x000000a5f7100000) (1024K)]
  0x000001d362b82410 WorkerThread "GC Thread#6"                     [id=5116, stack(0x000000a5f7100000,0x000000a5f7200000) (1024K)]
  0x000001d367bcdc00 WorkerThread "GC Thread#7"                     [id=28848, stack(0x000000a5f7200000,0x000000a5f7300000) (1024K)]
  0x000001d343bd3840 ConcurrentGCThread "G1 Main Marker"            [id=9392, stack(0x000000a5f5c00000,0x000000a5f5d00000) (1024K)]
  0x000001d343bd5260 WorkerThread "G1 Conc#0"                       [id=10404, stack(0x000000a5f5d00000,0x000000a5f5e00000) (1024K)]
  0x000001d343c1eb20 ConcurrentGCThread "G1 Refine#0"               [id=23028, stack(0x000000a5f5e00000,0x000000a5f5f00000) (1024K)]
  0x000001d362a38b70 ConcurrentGCThread "G1 Service"                [id=32160, stack(0x000000a5f5f00000,0x000000a5f6000000) (1024K)]
Total: 14

Threads with active compile tasks:
C1 CompilerThread0     5587 3950       3       org.fusesource.jansi.io.FastBufferedOutputStream::write (35 bytes)
Total: 1

VM state: not at safepoint (normal execution)

VM Mutex/Monitor currently owned by a thread: None

Heap address: 0x0000000705000000, size: 4016 MB, Compressed Oops mode: Zero based, Oop shift amount: 3

CDS archive(s) mapped at: [0x000001d300000000-0x000001d300c90000-0x000001d300c90000), size 13172736, SharedBaseAddress: 0x000001d300000000, ArchiveRelocationMode: 1.
Compressed class space mapped at: 0x000001d301000000-0x000001d341000000, reserved size: 1073741824
Narrow klass base: 0x000001d300000000, Narrow klass shift: 0, Narrow klass range: 0x100000000

GC Precious Log:
 CardTable entry size: 512
 Card Set container configuration: InlinePtr #cards 4 size 8 Array Of Cards #cards 16 size 48 Howl #buckets 8 coarsen threshold 3686 Howl Bitmap #cards 512 size 80 coarsen threshold 460 Card regions per heap region 1 cards per card region 4096
 CPUs: 8 total, 8 available
 Memory: 16062M
 Large Page Support: Disabled
 NUMA Support: Disabled
 Compressed Oops: Enabled (Zero based)
 Heap Region Size: 2M
 Heap Min Capacity: 8M
 Heap Initial Capacity: 252M
 Heap Max Capacity: 4016M
 Pre-touch: Disabled
 Parallel Workers: 8
 Concurrent Workers: 2
 Concurrent Refinement Workers: 8
 Periodic GC: Disabled

Heap:
 garbage-first heap   total 258048K, used 96402K [0x0000000705000000, 0x0000000800000000)
  region size 2048K, 48 young (98304K), 2 survivors (4096K)
 Metaspace       used 16507K, committed 16896K, reserved 1114112K
  class space    used 1796K, committed 1984K, reserved 1048576K

Heap Regions: E=young(eden), S=young(survivor), O=old, HS=humongous(starts), HC=humongous(continues), CS=collection set, F=free, TAMS=top-at-mark-start, PB=parsable bottom
|   0|0x0000000705000000, 0x0000000705200000, 0x0000000705200000|100%| O|  |TAMS 0x0000000705000000| PB 0x0000000705000000| Untracked 
|   1|0x0000000705200000, 0x000000070535f600, 0x0000000705400000| 68%| O|  |TAMS 0x0000000705200000| PB 0x0000000705200000| Untracked 
|   2|0x0000000705400000, 0x0000000705400000, 0x0000000705600000|  0%| F|  |TAMS 0x0000000705400000| PB 0x0000000705400000| Untracked 
|   3|0x0000000705600000, 0x0000000705600000, 0x0000000705800000|  0%| F|  |TAMS 0x0000000705600000| PB 0x0000000705600000| Untracked 
|   4|0x0000000705800000, 0x0000000705800000, 0x0000000705a00000|  0%| F|  |TAMS 0x0000000705800000| PB 0x0000000705800000| Untracked 
|   5|0x0000000705a00000, 0x0000000705a00000, 0x0000000705c00000|  0%| F|  |TAMS 0x0000000705a00000| PB 0x0000000705a00000| Untracked 
|   6|0x0000000705c00000, 0x0000000705c00000, 0x0000000705e00000|  0%| F|  |TAMS 0x0000000705c00000| PB 0x0000000705c00000| Untracked 
|   7|0x0000000705e00000, 0x0000000705e00000, 0x0000000706000000|  0%| F|  |TAMS 0x0000000705e00000| PB 0x0000000705e00000| Untracked 
|   8|0x0000000706000000, 0x0000000706000000, 0x0000000706200000|  0%| F|  |TAMS 0x0000000706000000| PB 0x0000000706000000| Untracked 
|   9|0x0000000706200000, 0x0000000706200000, 0x0000000706400000|  0%| F|  |TAMS 0x0000000706200000| PB 0x0000000706200000| Untracked 
|  10|0x0000000706400000, 0x0000000706400000, 0x0000000706600000|  0%| F|  |TAMS 0x0000000706400000| PB 0x0000000706400000| Untracked 
|  11|0x0000000706600000, 0x0000000706600000, 0x0000000706800000|  0%| F|  |TAMS 0x0000000706600000| PB 0x0000000706600000| Untracked 
|  12|0x0000000706800000, 0x0000000706800000, 0x0000000706a00000|  0%| F|  |TAMS 0x0000000706800000| PB 0x0000000706800000| Untracked 
|  13|0x0000000706a00000, 0x0000000706a00000, 0x0000000706c00000|  0%| F|  |TAMS 0x0000000706a00000| PB 0x0000000706a00000| Untracked 
|  14|0x0000000706c00000, 0x0000000706c00000, 0x0000000706e00000|  0%| F|  |TAMS 0x0000000706c00000| PB 0x0000000706c00000| Untracked 
|  15|0x0000000706e00000, 0x0000000706e00000, 0x0000000707000000|  0%| F|  |TAMS 0x0000000706e00000| PB 0x0000000706e00000| Untracked 
|  16|0x0000000707000000, 0x0000000707000000, 0x0000000707200000|  0%| F|  |TAMS 0x0000000707000000| PB 0x0000000707000000| Untracked 
|  17|0x0000000707200000, 0x0000000707200000, 0x0000000707400000|  0%| F|  |TAMS 0x0000000707200000| PB 0x0000000707200000| Untracked 
|  18|0x0000000707400000, 0x0000000707400000, 0x0000000707600000|  0%| F|  |TAMS 0x0000000707400000| PB 0x0000000707400000| Untracked 
|  19|0x0000000707600000, 0x0000000707600000, 0x0000000707800000|  0%| F|  |TAMS 0x0000000707600000| PB 0x0000000707600000| Untracked 
|  20|0x0000000707800000, 0x0000000707800000, 0x0000000707a00000|  0%| F|  |TAMS 0x0000000707800000| PB 0x0000000707800000| Untracked 
|  21|0x0000000707a00000, 0x0000000707a00000, 0x0000000707c00000|  0%| F|  |TAMS 0x0000000707a00000| PB 0x0000000707a00000| Untracked 
|  22|0x0000000707c00000, 0x0000000707c00000, 0x0000000707e00000|  0%| F|  |TAMS 0x0000000707c00000| PB 0x0000000707c00000| Untracked 
|  23|0x0000000707e00000, 0x0000000707e00000, 0x0000000708000000|  0%| F|  |TAMS 0x0000000707e00000| PB 0x0000000707e00000| Untracked 
|  24|0x0000000708000000, 0x0000000708000000, 0x0000000708200000|  0%| F|  |TAMS 0x0000000708000000| PB 0x0000000708000000| Untracked 
|  25|0x0000000708200000, 0x0000000708200000, 0x0000000708400000|  0%| F|  |TAMS 0x0000000708200000| PB 0x0000000708200000| Untracked 
|  26|0x0000000708400000, 0x0000000708400000, 0x0000000708600000|  0%| F|  |TAMS 0x0000000708400000| PB 0x0000000708400000| Untracked 
|  27|0x0000000708600000, 0x0000000708600000, 0x0000000708800000|  0%| F|  |TAMS 0x0000000708600000| PB 0x0000000708600000| Untracked 
|  28|0x0000000708800000, 0x0000000708800000, 0x0000000708a00000|  0%| F|  |TAMS 0x0000000708800000| PB 0x0000000708800000| Untracked 
|  29|0x0000000708a00000, 0x0000000708a00000, 0x0000000708c00000|  0%| F|  |TAMS 0x0000000708a00000| PB 0x0000000708a00000| Untracked 
|  30|0x0000000708c00000, 0x0000000708c00000, 0x0000000708e00000|  0%| F|  |TAMS 0x0000000708c00000| PB 0x0000000708c00000| Untracked 
|  31|0x0000000708e00000, 0x0000000708e00000, 0x0000000709000000|  0%| F|  |TAMS 0x0000000708e00000| PB 0x0000000708e00000| Untracked 
|  32|0x0000000709000000, 0x0000000709000000, 0x0000000709200000|  0%| F|  |TAMS 0x0000000709000000| PB 0x0000000709000000| Untracked 
|  33|0x0000000709200000, 0x0000000709200000, 0x0000000709400000|  0%| F|  |TAMS 0x0000000709200000| PB 0x0000000709200000| Untracked 
|  34|0x0000000709400000, 0x0000000709400000, 0x0000000709600000|  0%| F|  |TAMS 0x0000000709400000| PB 0x0000000709400000| Untracked 
|  35|0x0000000709600000, 0x0000000709600000, 0x0000000709800000|  0%| F|  |TAMS 0x0000000709600000| PB 0x0000000709600000| Untracked 
|  36|0x0000000709800000, 0x0000000709800000, 0x0000000709a00000|  0%| F|  |TAMS 0x0000000709800000| PB 0x0000000709800000| Untracked 
|  37|0x0000000709a00000, 0x0000000709a00000, 0x0000000709c00000|  0%| F|  |TAMS 0x0000000709a00000| PB 0x0000000709a00000| Untracked 
|  38|0x0000000709c00000, 0x0000000709c00000, 0x0000000709e00000|  0%| F|  |TAMS 0x0000000709c00000| PB 0x0000000709c00000| Untracked 
|  39|0x0000000709e00000, 0x0000000709e00000, 0x000000070a000000|  0%| F|  |TAMS 0x0000000709e00000| PB 0x0000000709e00000| Untracked 
|  40|0x000000070a000000, 0x000000070a000000, 0x000000070a200000|  0%| F|  |TAMS 0x000000070a000000| PB 0x000000070a000000| Untracked 
|  41|0x000000070a200000, 0x000000070a200000, 0x000000070a400000|  0%| F|  |TAMS 0x000000070a200000| PB 0x000000070a200000| Untracked 
|  42|0x000000070a400000, 0x000000070a400000, 0x000000070a600000|  0%| F|  |TAMS 0x000000070a400000| PB 0x000000070a400000| Untracked 
|  43|0x000000070a600000, 0x000000070a600000, 0x000000070a800000|  0%| F|  |TAMS 0x000000070a600000| PB 0x000000070a600000| Untracked 
|  44|0x000000070a800000, 0x000000070a800000, 0x000000070aa00000|  0%| F|  |TAMS 0x000000070a800000| PB 0x000000070a800000| Untracked 
|  45|0x000000070aa00000, 0x000000070aa00000, 0x000000070ac00000|  0%| F|  |TAMS 0x000000070aa00000| PB 0x000000070aa00000| Untracked 
|  46|0x000000070ac00000, 0x000000070ac00000, 0x000000070ae00000|  0%| F|  |TAMS 0x000000070ac00000| PB 0x000000070ac00000| Untracked 
|  47|0x000000070ae00000, 0x000000070ae00000, 0x000000070b000000|  0%| F|  |TAMS 0x000000070ae00000| PB 0x000000070ae00000| Untracked 
|  48|0x000000070b000000, 0x000000070b000000, 0x000000070b200000|  0%| F|  |TAMS 0x000000070b000000| PB 0x000000070b000000| Untracked 
|  49|0x000000070b200000, 0x000000070b200000, 0x000000070b400000|  0%| F|  |TAMS 0x000000070b200000| PB 0x000000070b200000| Untracked 
|  50|0x000000070b400000, 0x000000070b400000, 0x000000070b600000|  0%| F|  |TAMS 0x000000070b400000| PB 0x000000070b400000| Untracked 
|  51|0x000000070b600000, 0x000000070b600000, 0x000000070b800000|  0%| F|  |TAMS 0x000000070b600000| PB 0x000000070b600000| Untracked 
|  52|0x000000070b800000, 0x000000070b800000, 0x000000070ba00000|  0%| F|  |TAMS 0x000000070b800000| PB 0x000000070b800000| Untracked 
|  53|0x000000070ba00000, 0x000000070ba00000, 0x000000070bc00000|  0%| F|  |TAMS 0x000000070ba00000| PB 0x000000070ba00000| Untracked 
|  54|0x000000070bc00000, 0x000000070bc00000, 0x000000070be00000|  0%| F|  |TAMS 0x000000070bc00000| PB 0x000000070bc00000| Untracked 
|  55|0x000000070be00000, 0x000000070be00000, 0x000000070c000000|  0%| F|  |TAMS 0x000000070be00000| PB 0x000000070be00000| Untracked 
|  56|0x000000070c000000, 0x000000070c000000, 0x000000070c200000|  0%| F|  |TAMS 0x000000070c000000| PB 0x000000070c000000| Untracked 
|  57|0x000000070c200000, 0x000000070c200000, 0x000000070c400000|  0%| F|  |TAMS 0x000000070c200000| PB 0x000000070c200000| Untracked 
|  58|0x000000070c400000, 0x000000070c400000, 0x000000070c600000|  0%| F|  |TAMS 0x000000070c400000| PB 0x000000070c400000| Untracked 
|  59|0x000000070c600000, 0x000000070c600000, 0x000000070c800000|  0%| F|  |TAMS 0x000000070c600000| PB 0x000000070c600000| Untracked 
|  60|0x000000070c800000, 0x000000070c800000, 0x000000070ca00000|  0%| F|  |TAMS 0x000000070c800000| PB 0x000000070c800000| Untracked 
|  61|0x000000070ca00000, 0x000000070ca00000, 0x000000070cc00000|  0%| F|  |TAMS 0x000000070ca00000| PB 0x000000070ca00000| Untracked 
|  62|0x000000070cc00000, 0x000000070cc00000, 0x000000070ce00000|  0%| F|  |TAMS 0x000000070cc00000| PB 0x000000070cc00000| Untracked 
|  63|0x000000070ce00000, 0x000000070ce00000, 0x000000070d000000|  0%| F|  |TAMS 0x000000070ce00000| PB 0x000000070ce00000| Untracked 
|  64|0x000000070d000000, 0x000000070d000000, 0x000000070d200000|  0%| F|  |TAMS 0x000000070d000000| PB 0x000000070d000000| Untracked 
|  65|0x000000070d200000, 0x000000070d200000, 0x000000070d400000|  0%| F|  |TAMS 0x000000070d200000| PB 0x000000070d200000| Untracked 
|  66|0x000000070d400000, 0x000000070d400000, 0x000000070d600000|  0%| F|  |TAMS 0x000000070d400000| PB 0x000000070d400000| Untracked 
|  67|0x000000070d600000, 0x000000070d600000, 0x000000070d800000|  0%| F|  |TAMS 0x000000070d600000| PB 0x000000070d600000| Untracked 
|  68|0x000000070d800000, 0x000000070d800000, 0x000000070da00000|  0%| F|  |TAMS 0x000000070d800000| PB 0x000000070d800000| Untracked 
|  69|0x000000070da00000, 0x000000070da00000, 0x000000070dc00000|  0%| F|  |TAMS 0x000000070da00000| PB 0x000000070da00000| Untracked 
|  70|0x000000070dc00000, 0x000000070dc00000, 0x000000070de00000|  0%| F|  |TAMS 0x000000070dc00000| PB 0x000000070dc00000| Untracked 
|  71|0x000000070de00000, 0x000000070de00000, 0x000000070e000000|  0%| F|  |TAMS 0x000000070de00000| PB 0x000000070de00000| Untracked 
|  72|0x000000070e000000, 0x000000070e000000, 0x000000070e200000|  0%| F|  |TAMS 0x000000070e000000| PB 0x000000070e000000| Untracked 
|  73|0x000000070e200000, 0x000000070e200000, 0x000000070e400000|  0%| F|  |TAMS 0x000000070e200000| PB 0x000000070e200000| Untracked 
|  74|0x000000070e400000, 0x000000070e400000, 0x000000070e600000|  0%| F|  |TAMS 0x000000070e400000| PB 0x000000070e400000| Untracked 
|  75|0x000000070e600000, 0x000000070e600000, 0x000000070e800000|  0%| F|  |TAMS 0x000000070e600000| PB 0x000000070e600000| Untracked 
|  76|0x000000070e800000, 0x000000070e800000, 0x000000070ea00000|  0%| F|  |TAMS 0x000000070e800000| PB 0x000000070e800000| Untracked 
|  77|0x000000070ea00000, 0x000000070ea00000, 0x000000070ec00000|  0%| F|  |TAMS 0x000000070ea00000| PB 0x000000070ea00000| Untracked 
|  78|0x000000070ec00000, 0x000000070ecfbad0, 0x000000070ee00000| 49%| E|  |TAMS 0x000000070ec00000| PB 0x000000070ec00000| Complete 
|  79|0x000000070ee00000, 0x000000070f000000, 0x000000070f000000|100%| E|CS|TAMS 0x000000070ee00000| PB 0x000000070ee00000| Complete 
|  80|0x000000070f000000, 0x000000070f200000, 0x000000070f200000|100%| E|CS|TAMS 0x000000070f000000| PB 0x000000070f000000| Complete 
|  81|0x000000070f200000, 0x000000070f400000, 0x000000070f400000|100%| E|CS|TAMS 0x000000070f200000| PB 0x000000070f200000| Complete 
|  82|0x000000070f400000, 0x000000070f600000, 0x000000070f600000|100%| E|CS|TAMS 0x000000070f400000| PB 0x000000070f400000| Complete 
|  83|0x000000070f600000, 0x000000070f800000, 0x000000070f800000|100%| E|CS|TAMS 0x000000070f600000| PB 0x000000070f600000| Complete 
|  84|0x000000070f800000, 0x000000070fa00000, 0x000000070fa00000|100%| E|  |TAMS 0x000000070f800000| PB 0x000000070f800000| Complete 
|  85|0x000000070fa00000, 0x000000070fc00000, 0x000000070fc00000|100%| E|CS|TAMS 0x000000070fa00000| PB 0x000000070fa00000| Complete 
|  86|0x000000070fc00000, 0x000000070fe00000, 0x000000070fe00000|100%| E|CS|TAMS 0x000000070fc00000| PB 0x000000070fc00000| Complete 
|  87|0x000000070fe00000, 0x0000000710000000, 0x0000000710000000|100%| E|CS|TAMS 0x000000070fe00000| PB 0x000000070fe00000| Complete 
|  88|0x0000000710000000, 0x0000000710200000, 0x0000000710200000|100%| E|CS|TAMS 0x0000000710000000| PB 0x0000000710000000| Complete 
|  89|0x0000000710200000, 0x0000000710400000, 0x0000000710400000|100%| E|CS|TAMS 0x0000000710200000| PB 0x0000000710200000| Complete 
|  90|0x0000000710400000, 0x0000000710600000, 0x0000000710600000|100%| E|CS|TAMS 0x0000000710400000| PB 0x0000000710400000| Complete 
|  91|0x0000000710600000, 0x0000000710800000, 0x0000000710800000|100%| E|CS|TAMS 0x0000000710600000| PB 0x0000000710600000| Complete 
|  92|0x0000000710800000, 0x0000000710a00000, 0x0000000710a00000|100%| E|CS|TAMS 0x0000000710800000| PB 0x0000000710800000| Complete 
|  93|0x0000000710a00000, 0x0000000710c00000, 0x0000000710c00000|100%| E|CS|TAMS 0x0000000710a00000| PB 0x0000000710a00000| Complete 
|  94|0x0000000710c00000, 0x0000000710e00000, 0x0000000710e00000|100%| E|CS|TAMS 0x0000000710c00000| PB 0x0000000710c00000| Complete 
|  95|0x0000000710e00000, 0x0000000711000000, 0x0000000711000000|100%| E|CS|TAMS 0x0000000710e00000| PB 0x0000000710e00000| Complete 
|  96|0x0000000711000000, 0x0000000711200000, 0x0000000711200000|100%| E|CS|TAMS 0x0000000711000000| PB 0x0000000711000000| Complete 
|  97|0x0000000711200000, 0x0000000711400000, 0x0000000711400000|100%| E|CS|TAMS 0x0000000711200000| PB 0x0000000711200000| Complete 
|  98|0x0000000711400000, 0x0000000711600000, 0x0000000711600000|100%| E|CS|TAMS 0x0000000711400000| PB 0x0000000711400000| Complete 
|  99|0x0000000711600000, 0x0000000711800000, 0x0000000711800000|100%| E|CS|TAMS 0x0000000711600000| PB 0x0000000711600000| Complete 
| 100|0x0000000711800000, 0x0000000711a00000, 0x0000000711a00000|100%| E|CS|TAMS 0x0000000711800000| PB 0x0000000711800000| Complete 
| 101|0x0000000711a00000, 0x0000000711c00000, 0x0000000711c00000|100%| E|CS|TAMS 0x0000000711a00000| PB 0x0000000711a00000| Complete 
| 102|0x0000000711c00000, 0x0000000711e00000, 0x0000000711e00000|100%| E|CS|TAMS 0x0000000711c00000| PB 0x0000000711c00000| Complete 
| 103|0x0000000711e00000, 0x0000000712000000, 0x0000000712000000|100%| E|CS|TAMS 0x0000000711e00000| PB 0x0000000711e00000| Complete 
| 104|0x0000000712000000, 0x0000000712200000, 0x0000000712200000|100%| E|CS|TAMS 0x0000000712000000| PB 0x0000000712000000| Complete 
| 105|0x0000000712200000, 0x0000000712400000, 0x0000000712400000|100%| E|CS|TAMS 0x0000000712200000| PB 0x0000000712200000| Complete 
| 106|0x0000000712400000, 0x00000007124c52c0, 0x0000000712600000| 38%| S|CS|TAMS 0x0000000712400000| PB 0x0000000712400000| Complete 
| 107|0x0000000712600000, 0x0000000712800000, 0x0000000712800000|100%| S|CS|TAMS 0x0000000712600000| PB 0x0000000712600000| Complete 
| 108|0x0000000712800000, 0x0000000712a00000, 0x0000000712a00000|100%| E|CS|TAMS 0x0000000712800000| PB 0x0000000712800000| Complete 
| 109|0x0000000712a00000, 0x0000000712c00000, 0x0000000712c00000|100%| E|CS|TAMS 0x0000000712a00000| PB 0x0000000712a00000| Complete 
| 110|0x0000000712c00000, 0x0000000712e00000, 0x0000000712e00000|100%| E|CS|TAMS 0x0000000712c00000| PB 0x0000000712c00000| Complete 
| 111|0x0000000712e00000, 0x0000000713000000, 0x0000000713000000|100%| E|CS|TAMS 0x0000000712e00000| PB 0x0000000712e00000| Complete 
| 112|0x0000000713000000, 0x0000000713200000, 0x0000000713200000|100%| E|CS|TAMS 0x0000000713000000| PB 0x0000000713000000| Complete 
| 113|0x0000000713200000, 0x0000000713400000, 0x0000000713400000|100%| E|CS|TAMS 0x0000000713200000| PB 0x0000000713200000| Complete 
| 114|0x0000000713400000, 0x0000000713600000, 0x0000000713600000|100%| E|CS|TAMS 0x0000000713400000| PB 0x0000000713400000| Complete 
| 115|0x0000000713600000, 0x0000000713800000, 0x0000000713800000|100%| E|CS|TAMS 0x0000000713600000| PB 0x0000000713600000| Complete 
| 116|0x0000000713800000, 0x0000000713a00000, 0x0000000713a00000|100%| E|CS|TAMS 0x0000000713800000| PB 0x0000000713800000| Complete 
| 117|0x0000000713a00000, 0x0000000713c00000, 0x0000000713c00000|100%| E|CS|TAMS 0x0000000713a00000| PB 0x0000000713a00000| Complete 
| 118|0x0000000713c00000, 0x0000000713e00000, 0x0000000713e00000|100%| E|CS|TAMS 0x0000000713c00000| PB 0x0000000713c00000| Complete 
| 119|0x0000000713e00000, 0x0000000714000000, 0x0000000714000000|100%| E|CS|TAMS 0x0000000713e00000| PB 0x0000000713e00000| Complete 
| 120|0x0000000714000000, 0x0000000714200000, 0x0000000714200000|100%| E|CS|TAMS 0x0000000714000000| PB 0x0000000714000000| Complete 
| 121|0x0000000714200000, 0x0000000714400000, 0x0000000714400000|100%| E|CS|TAMS 0x0000000714200000| PB 0x0000000714200000| Complete 
| 122|0x0000000714400000, 0x0000000714600000, 0x0000000714600000|100%| E|CS|TAMS 0x0000000714400000| PB 0x0000000714400000| Complete 
| 123|0x0000000714600000, 0x0000000714800000, 0x0000000714800000|100%| E|CS|TAMS 0x0000000714600000| PB 0x0000000714600000| Complete 
| 124|0x0000000714800000, 0x0000000714a00000, 0x0000000714a00000|100%| E|CS|TAMS 0x0000000714800000| PB 0x0000000714800000| Complete 
| 125|0x0000000714a00000, 0x0000000714c00000, 0x0000000714c00000|100%| E|CS|TAMS 0x0000000714a00000| PB 0x0000000714a00000| Complete 

Card table byte_map: [0x000001d35bad0000,0x000001d35c2b0000] _byte_map_base: 0x000001d3582a8000

Marking Bits: (CMBitMap*) 0x000001d343bc32b0
 Bits: [0x000001d35c2b0000, 0x000001d360170000)

Polling page: 0x000001d341ad0000

Metaspace:

Usage:
  Non-class:     14.37 MB used.
      Class:      1.75 MB used.
       Both:     16.12 MB used.

Virtual space:
  Non-class space:       64.00 MB reserved,      14.56 MB ( 23%) committed,  1 nodes.
      Class space:        1.00 GB reserved,       1.94 MB ( <1%) committed,  1 nodes.
             Both:        1.06 GB reserved,      16.50 MB (  2%) committed. 

Chunk freelists:
   Non-Class:  1.23 MB
       Class:  14.04 MB
        Both:  15.28 MB

MaxMetaspaceSize: unlimited
CompressedClassSpaceSize: 1.00 GB
Initial GC threshold: 21.00 MB
Current GC threshold: 21.00 MB
CDS: on
 - commit_granule_bytes: 65536.
 - commit_granule_words: 8192.
 - virtual_space_node_default_size: 8388608.
 - enlarge_chunks_in_place: 1.
 - use_allocation_guard: 0.


Internal statistics:

num_allocs_failed_limit: 0.
num_arena_births: 260.
num_arena_deaths: 0.
num_vsnodes_births: 2.
num_vsnodes_deaths: 0.
num_space_committed: 264.
num_space_uncommitted: 0.
num_chunks_returned_to_freelist: 0.
num_chunks_taken_from_freelist: 797.
num_chunk_merges: 0.
num_chunk_splits: 583.
num_chunks_enlarged: 448.
num_inconsistent_stats: 0.

CodeHeap 'non-profiled nmethods': size=120000Kb used=1632Kb max_used=1632Kb free=118367Kb
 bounds [0x000001d353a80000, 0x000001d353cf0000, 0x000001d35afb0000]
CodeHeap 'profiled nmethods': size=120000Kb used=8126Kb max_used=8126Kb free=111873Kb
 bounds [0x000001d34bfb0000, 0x000001d34c7a0000, 0x000001d3534e0000]
CodeHeap 'non-nmethods': size=5760Kb used=1547Kb max_used=1578Kb free=4212Kb
 bounds [0x000001d3534e0000, 0x000001d353750000, 0x000001d353a80000]
 total_blobs=4447 nmethods=3949 adapters=402
 compilation: enabled
              stopped_count=0, restarted_count=0
 full_count=0

Compilation events (20 events):
Event: 2.103 Thread 0x000001d362bb4d30 nmethod 3888 0x000001d353c12a10 code [0x000001d353c12ba0, 0x000001d353c12df0]
Event: 2.103 Thread 0x000001d362bb4d30 3694       4       java.lang.Math::clamp (49 bytes)
Event: 2.103 Thread 0x000001d362bb4d30 nmethod 3694 0x000001d353c12f90 code [0x000001d353c13120, 0x000001d353c131c8]
Event: 2.103 Thread 0x000001d362bb4d30 3695       4       java.lang.String::indexOf (101 bytes)
Event: 2.104 Thread 0x000001d362bb4d30 nmethod 3695 0x000001d353c13290 code [0x000001d353c13440, 0x000001d353c137c8]
Event: 2.105 Thread 0x000001d362bb4d30 3881   !   4       java.io.RandomAccessFile::readBytes (32 bytes)
Event: 2.105 Thread 0x000001d362bb4d30 nmethod 3881 0x000001d353c13990 code [0x000001d353c13b40, 0x000001d353c13ca0]
Event: 2.105 Thread 0x000001d362bb4d30 3705       4       java.lang.String::indexOf (18 bytes)
Event: 2.107 Thread 0x000001d362bb4d30 nmethod 3705 0x000001d353c13e90 code [0x000001d353c14040, 0x000001d353c143f8]
Event: 2.107 Thread 0x000001d362bb4d30 3819       4       java.util.HashSet::contains (9 bytes)
Event: 2.111 Thread 0x000001d362bb4d30 nmethod 3819 0x000001d353c14610 code [0x000001d353c14800, 0x000001d353c14e38]
Event: 2.111 Thread 0x000001d362bb4d30 3592       4       java.util.HashSet::add (20 bytes)
Event: 2.132 Thread 0x000001d362bb4d30 nmethod 3592 0x000001d353c15210 code [0x000001d353c154c0, 0x000001d353c16c10]
Event: 2.133 Thread 0x000001d362bb4d30 3697       4       org.codehaus.plexus.util.xml.pull.MXParser::newString (11 bytes)
Event: 2.143 Thread 0x000001d362bb4d30 nmethod 3697 0x000001d353c17590 code [0x000001d353c17760, 0x000001d353c17de8]
Event: 3.704 Thread 0x000001d362bbf440 3948   !   3       java.io.FileInputStream::read (32 bytes)
Event: 3.704 Thread 0x000001d362bbf440 nmethod 3948 0x000001d34c79ef90 code [0x000001d34c79f160, 0x000001d34c79f390]
Event: 4.380 Thread 0x000001d362bbf440 3949       3       java.io.BufferedWriter::ensureOpen (18 bytes)
Event: 4.380 Thread 0x000001d362bbf440 nmethod 3949 0x000001d34c79f510 code [0x000001d34c79f6c0, 0x000001d34c79f8d8]
Event: 5.530 Thread 0x000001d362bbf440 3950       3       org.fusesource.jansi.io.FastBufferedOutputStream::write (35 bytes)

GC Heap History (4 events):
Event: 0.552 GC heap before
{Heap before GC invocations=0 (full 0):
 garbage-first heap   total 258048K, used 22528K [0x0000000705000000, 0x0000000800000000)
  region size 2048K, 11 young (22528K), 0 survivors (0K)
 Metaspace       used 4951K, committed 5120K, reserved 1114112K
  class space    used 563K, committed 640K, reserved 1048576K
}
Event: 0.556 GC heap after
{Heap after GC invocations=1 (full 0):
 garbage-first heap   total 258048K, used 3863K [0x0000000705000000, 0x0000000800000000)
  region size 2048K, 2 young (4096K), 2 survivors (4096K)
 Metaspace       used 4951K, committed 5120K, reserved 1114112K
  class space    used 563K, committed 640K, reserved 1048576K
}
Event: 1.094 GC heap before
{Heap before GC invocations=1 (full 0):
 garbage-first heap   total 258048K, used 36631K [0x0000000705000000, 0x0000000800000000)
  region size 2048K, 18 young (36864K), 2 survivors (4096K)
 Metaspace       used 10783K, committed 11072K, reserved 1114112K
  class space    used 1303K, committed 1472K, reserved 1048576K
}
Event: 1.098 GC heap after
{Heap after GC invocations=2 (full 0):
 garbage-first heap   total 258048K, used 6290K [0x0000000705000000, 0x0000000800000000)
  region size 2048K, 2 young (4096K), 2 survivors (4096K)
 Metaspace       used 10783K, committed 11072K, reserved 1114112K
  class space    used 1303K, committed 1472K, reserved 1048576K
}

Dll operation events (8 events):
Event: 0.006 Loaded shared library C:\Program Files\Java\jdk-21\bin\java.dll
Event: 0.159 Loaded shared library C:\Program Files\Java\jdk-21\bin\jsvml.dll
Event: 0.172 Loaded shared library C:\Program Files\Java\jdk-21\bin\net.dll
Event: 0.173 Loaded shared library C:\Program Files\Java\jdk-21\bin\nio.dll
Event: 0.176 Loaded shared library C:\Program Files\Java\jdk-21\bin\zip.dll
Event: 0.245 Loaded shared library C:\Program Files\Java\jdk-21\bin\jimage.dll
Event: 0.250 Loaded shared library C:\Users\rabot\.m2\wrapper\dists\apache-maven-3.8.5-bin\5i5jha092a3i37g0paqnfr15e0\apache-maven-3.8.5\lib\jansi-native\Windows\x86_64\jansi.dll
Event: 0.257 Loaded shared library C:\Program Files\Java\jdk-21\bin\verify.dll

Deoptimization events (20 events):
Event: 2.014 Thread 0x000001d3419d37e0 Uncommon trap: trap_request=0xffffffde fr.pc=0x000001d353bcf01c relative=0x000000000000007c
Event: 2.014 Thread 0x000001d3419d37e0 Uncommon trap: reason=class_check action=maybe_recompile pc=0x000001d353bcf01c method=java.util.Collections$UnmodifiableMap$UnmodifiableEntrySet$UnmodifiableEntry.getKey()Ljava/lang/Object; @ 4 c2
Event: 2.014 Thread 0x000001d3419d37e0 DEOPT PACKING pc=0x000001d353bcf01c sp=0x000000a5f5afdc40
Event: 2.014 Thread 0x000001d3419d37e0 DEOPT UNPACKING pc=0x000001d353537da2 sp=0x000000a5f5afdbd0 mode 2
Event: 2.014 Thread 0x000001d3419d37e0 Uncommon trap: trap_request=0xffffffde fr.pc=0x000001d353bcf31c relative=0x000000000000007c
Event: 2.014 Thread 0x000001d3419d37e0 Uncommon trap: reason=class_check action=maybe_recompile pc=0x000001d353bcf31c method=java.util.Collections$UnmodifiableMap$UnmodifiableEntrySet$UnmodifiableEntry.getValue()Ljava/lang/Object; @ 4 c2
Event: 2.014 Thread 0x000001d3419d37e0 DEOPT PACKING pc=0x000001d353bcf31c sp=0x000000a5f5afdc30
Event: 2.014 Thread 0x000001d3419d37e0 DEOPT UNPACKING pc=0x000001d353537da2 sp=0x000000a5f5afdbc0 mode 2
Event: 2.016 Thread 0x000001d3419d37e0 Uncommon trap: trap_request=0xffffff45 fr.pc=0x000001d353be5d80 relative=0x0000000000000320
Event: 2.016 Thread 0x000001d3419d37e0 Uncommon trap: reason=unstable_if action=reinterpret pc=0x000001d353be5d80 method=java.util.StringTokenizer.skipDelimiters(I)I @ 21 c2
Event: 2.016 Thread 0x000001d3419d37e0 DEOPT PACKING pc=0x000001d353be5d80 sp=0x000000a5f5afdcc0
Event: 2.016 Thread 0x000001d3419d37e0 DEOPT UNPACKING pc=0x000001d353537da2 sp=0x000000a5f5afdc00 mode 2
Event: 2.016 Thread 0x000001d3419d37e0 Uncommon trap: trap_request=0xffffff45 fr.pc=0x000001d353bbebfc relative=0x000000000000039c
Event: 2.016 Thread 0x000001d3419d37e0 Uncommon trap: reason=unstable_if action=reinterpret pc=0x000001d353bbebfc method=java.util.StringTokenizer.scanToken(I)I @ 96 c2
Event: 2.016 Thread 0x000001d3419d37e0 DEOPT PACKING pc=0x000001d353bbebfc sp=0x000000a5f5afdc80
Event: 2.016 Thread 0x000001d3419d37e0 DEOPT UNPACKING pc=0x000001d353537da2 sp=0x000000a5f5afdc10 mode 2
Event: 2.016 Thread 0x000001d3419d37e0 Uncommon trap: trap_request=0xffffff45 fr.pc=0x000001d353bc2740 relative=0x0000000000000360
Event: 2.016 Thread 0x000001d3419d37e0 Uncommon trap: reason=unstable_if action=reinterpret pc=0x000001d353bc2740 method=java.util.StringTokenizer.skipDelimiters(I)I @ 21 c2
Event: 2.016 Thread 0x000001d3419d37e0 DEOPT PACKING pc=0x000001d353bc2740 sp=0x000000a5f5afdc60
Event: 2.016 Thread 0x000001d3419d37e0 DEOPT UNPACKING pc=0x000001d353537da2 sp=0x000000a5f5afdc00 mode 2

Classes loaded (20 events):
Event: 2.033 Loading class java/lang/Process$PipeInputStream
Event: 2.033 Loading class java/lang/Process$PipeInputStream done
Event: 2.034 Loading class jdk/internal/event/ProcessStartEvent
Event: 2.034 Loading class jdk/internal/event/ProcessStartEvent done
Event: 2.034 Loading class jdk/internal/logger/LazyLoggers
Event: 2.034 Loading class jdk/internal/logger/LazyLoggers done
Event: 2.034 Loading class jdk/internal/logger/LazyLoggers$1
Event: 2.034 Loading class jdk/internal/logger/LazyLoggers$1 done
Event: 2.034 Loading class jdk/internal/logger/LazyLoggers$LazyLoggerFactories
Event: 2.034 Loading class jdk/internal/logger/LazyLoggers$LazyLoggerFactories done
Event: 2.035 Loading class jdk/internal/logger/LoggerFinderLoader
Event: 2.035 Loading class jdk/internal/logger/LoggerFinderLoader done
Event: 2.035 Loading class sun/util/logging/internal/LoggingProviderImpl$JULWrapper
Event: 2.035 Loading class sun/util/logging/PlatformLogger$ConfigurableBridge$LoggerConfiguration
Event: 2.035 Loading class sun/util/logging/PlatformLogger$ConfigurableBridge$LoggerConfiguration done
Event: 2.035 Loading class sun/util/logging/internal/LoggingProviderImpl$JULWrapper done
Event: 2.035 Loading class java/lang/System$Logger$Level
Event: 2.035 Loading class java/lang/System$Logger$Level done
Event: 2.036 Loading class java/security/AccessControlException
Event: 2.036 Loading class java/security/AccessControlException done

Classes unloaded (0 events):
No events

Classes redefined (0 events):
No events

Internal exceptions (20 events):
Event: 1.013 Thread 0x000001d3419d37e0 Exception <a 'java/lang/NoSuchMethodError'{0x0000000712aba598}: 'int java.lang.invoke.DirectMethodHandle$Holder.invokeSpecial(java.lang.Object, java.lang.Object, java.lang.Object)'> (0x0000000712aba598) 
thrown [s\open\src\hotspot\share\interpreter\linkResolver.cpp, line 773]
Event: 1.027 Thread 0x000001d3419d37e0 Exception <a 'java/lang/NoSuchMethodError'{0x0000000712b41320}: 'java.lang.Object java.lang.invoke.DirectMethodHandle$Holder.newInvokeSpecial(java.lang.Object, java.lang.Object, java.lang.Object, java.lang.Object, java.lang.Object, java.lang.Object, java.lang.Object)'> (0x0000000712b41320) 
thrown [s\open\src\hotspot\share\interpreter\linkResolver.cpp, line 773]
Event: 1.031 Thread 0x000001d3419d37e0 Exception <a 'java/lang/NoSuchMethodError'{0x0000000712b7a300}: 'java.lang.Object java.lang.invoke.DirectMethodHandle$Holder.newInvokeSpecial(java.lang.Object, java.lang.Object, java.lang.Object, java.lang.Object, java.lang.Object, java.lang.Object, java.lang.Object, java.lang.Object, java.lang.Object)'> (0x0000000712b7a300) 
thrown [s\open\src\hotspot\share\interpreter\linkResolver.cpp, line 773]
Event: 1.040 Thread 0x000001d3419d37e0 Exception <a 'java/lang/NoSuchMethodError'{0x0000000712822700}: 'java.lang.Object java.lang.invoke.DirectMethodHandle$Holder.newInvokeSpecial(java.lang.Object, java.lang.Object, java.lang.Object, java.lang.Object, java.lang.Object, java.lang.Object, java.lang.Object, java.lang.Object, java.lang.Object, java.lang.Object, java.lang.Object, java.lang.Object)'> (0x0000000712822700) 
thrown [s\open\src\hotspot\share\interpreter\linkResolver.cpp, line 773]
Event: 1.042 Thread 0x000001d3419d37e0 Exception <a 'java/lang/NoSuchMethodError'{0x0000000712867708}: 'java.lang.Object java.lang.invoke.DirectMethodHandle$Holder.invokeStatic(java.lang.Object, java.lang.Object, java.lang.Object, java.lang.Object, java.lang.Object, java.lang.Object, java.lang.Object, java.lang.Object, java.lang.Object, java.lang.Object, java.lang.Object, java.lang.Object, java.lang.Object)'> (0x0000000712867708) 
thrown [s\open\src\hotspot\share\interpreter\linkResolver.cpp, line 773]
Event: 1.043 Thread 0x000001d3419d37e0 Exception <a 'java/lang/NoSuchMethodError'{0x0000000712886260}: 'java.lang.Object java.lang.invoke.DirectMethodHandle$Holder.invokeStatic(java.lang.Object, java.lang.Object, java.lang.Object, java.lang.Object, java.lang.Object, java.lang.Object, java.lang.Object, java.lang.Object, java.lang.Object, java.lang.Object, java.lang.Object, java.lang.Object, java.lang.Object, java.lang.Object)'> (0x0000000712886260) 
thrown [s\open\src\hotspot\share\interpreter\linkResolver.cpp, line 773]
Event: 1.045 Thread 0x000001d3419d37e0 Exception <a 'java/lang/NoSuchMethodError'{0x00000007128a71c0}: 'java.lang.Object java.lang.invoke.DirectMethodHandle$Holder.invokeStatic(java.lang.Object, java.lang.Object, java.lang.Object, java.lang.Object, java.lang.Object, java.lang.Object, java.lang.Object, java.lang.Object, java.lang.Object, java.lang.Object, java.lang.Object, java.lang.Object, java.lang.Object, java.lang.Object, java.lang.Object)'> (0x00000007128a71c0) 
thrown [s\open\src\hotspot\share\interpreter\linkResolver.cpp, line 773]
Event: 1.069 Thread 0x000001d3419d37e0 Exception <a 'java/lang/NoSuchMethodError'{0x0000000712910eb0}: 'java.lang.Object java.lang.invoke.DirectMethodHandle$Holder.invokeStaticInit(java.lang.Object, int, int, int, int)'> (0x0000000712910eb0) 
thrown [s\open\src\hotspot\share\interpreter\linkResolver.cpp, line 773]
Event: 1.202 Thread 0x000001d3419d37e0 Exception <a 'java/lang/NoSuchMethodError'{0x0000000714739998}: 'void java.lang.invoke.DirectMethodHandle$Holder.invokeVirtual(java.lang.Object, java.lang.Object, int)'> (0x0000000714739998) 
thrown [s\open\src\hotspot\share\interpreter\linkResolver.cpp, line 773]
Event: 1.203 Thread 0x000001d3419d37e0 Exception <a 'java/lang/NoSuchMethodError'{0x000000071473dae0}: 'int java.lang.invoke.DirectMethodHandle$Holder.invokeSpecial(java.lang.Object, java.lang.Object, java.lang.Object, int)'> (0x000000071473dae0) 
thrown [s\open\src\hotspot\share\interpreter\linkResolver.cpp, line 773]
Event: 1.203 Thread 0x000001d3419d37e0 Exception <a 'java/lang/NoSuchMethodError'{0x000000071474e2d8}: 'java.lang.Object java.lang.invoke.DirectMethodHandle$Holder.invokeStatic(java.lang.Object, java.lang.Object, java.lang.Object, java.lang.Object, int)'> (0x000000071474e2d8) 
thrown [s\open\src\hotspot\share\interpreter\linkResolver.cpp, line 773]
Event: 1.204 Thread 0x000001d3419d37e0 Exception <a 'java/lang/NoSuchMethodError'{0x00000007147592e8}: 'void java.lang.invoke.DelegatingMethodHandle$Holder.reinvoke_L(java.lang.Object, java.lang.Object, int)'> (0x00000007147592e8) 
thrown [s\open\src\hotspot\share\interpreter\linkResolver.cpp, line 773]
Event: 1.251 Thread 0x000001d3419d37e0 Implicit null exception at 0x000001d353b1b59f to 0x000001d353b1b7e4
Event: 1.252 Thread 0x000001d3419d37e0 Implicit null exception at 0x000001d353af8019 to 0x000001d353af8208
Event: 1.299 Thread 0x000001d3419d37e0 Implicit null exception at 0x000001d353b24519 to 0x000001d353b246fc
Event: 1.519 Thread 0x000001d3419d37e0 Exception <a 'java/lang/NoSuchMethodError'{0x0000000712a5f300}: 'void java.lang.invoke.Invokers$Holder.invokeExact_MT(java.lang.Object, java.lang.Object, int, java.lang.Object)'> (0x0000000712a5f300) 
thrown [s\open\src\hotspot\share\interpreter\linkResolver.cpp, line 773]
Event: 2.030 Thread 0x000001d3419d37e0 Exception <a 'java/lang/NoSuchMethodError'{0x000000070ef15658}: 'void java.lang.invoke.DirectMethodHandle$Holder.invokeStatic(java.lang.Object, long)'> (0x000000070ef15658) 
thrown [s\open\src\hotspot\share\interpreter\linkResolver.cpp, line 773]
Event: 2.031 Thread 0x000001d3419d37e0 Exception <a 'java/lang/NoSuchMethodError'{0x000000070ef1a798}: 'java.lang.Object java.lang.invoke.DirectMethodHandle$Holder.newInvokeSpecial(java.lang.Object, long)'> (0x000000070ef1a798) 
thrown [s\open\src\hotspot\share\interpreter\linkResolver.cpp, line 773]
Event: 2.032 Thread 0x000001d3419d37e0 Exception <a 'java/lang/NoSuchMethodError'{0x000000070ef21910}: 'java.lang.Object java.lang.invoke.DirectMethodHandle$Holder.invokeStatic(java.lang.Object, long, java.lang.Object)'> (0x000000070ef21910) 
thrown [s\open\src\hotspot\share\interpreter\linkResolver.cpp, line 773]
Event: 2.032 Thread 0x000001d3419d37e0 Exception <a 'java/lang/NoSuchMethodError'{0x000000070ef25098}: 'java.lang.Object java.lang.invoke.DirectMethodHandle$Holder.invokeStaticInit(java.lang.Object, long, java.lang.Object)'> (0x000000070ef25098) 
thrown [s\open\src\hotspot\share\interpreter\linkResolver.cpp, line 773]

ZGC Phase Switch (0 events):
No events

VM Operations (20 events):
Event: 1.313 Executing VM operation: ICBufferFull
Event: 1.314 Executing VM operation: ICBufferFull done
Event: 1.502 Executing VM operation: ICBufferFull
Event: 1.502 Executing VM operation: ICBufferFull done
Event: 1.512 Executing VM operation: HandshakeAllThreads (Deoptimize)
Event: 1.512 Executing VM operation: HandshakeAllThreads (Deoptimize) done
Event: 1.676 Executing VM operation: ICBufferFull
Event: 1.676 Executing VM operation: ICBufferFull done
Event: 1.870 Executing VM operation: ICBufferFull
Event: 1.870 Executing VM operation: ICBufferFull done
Event: 1.971 Executing VM operation: HandshakeAllThreads (Deoptimize)
Event: 1.972 Executing VM operation: HandshakeAllThreads (Deoptimize) done
Event: 2.034 Executing VM operation: HandshakeAllThreads (Deoptimize)
Event: 2.034 Executing VM operation: HandshakeAllThreads (Deoptimize) done
Event: 2.036 Executing VM operation: HandshakeAllThreads (Deoptimize)
Event: 2.036 Executing VM operation: HandshakeAllThreads (Deoptimize) done
Event: 3.036 Executing VM operation: Cleanup
Event: 3.036 Executing VM operation: Cleanup done
Event: 4.036 Executing VM operation: Cleanup
Event: 4.036 Executing VM operation: Cleanup done

Events (13 events):
Event: 0.146 Thread 0x000001d3419d37e0 Thread added: 0x000001d3419d37e0
Event: 0.156 Thread 0x000001d362ba0de0 Thread added: 0x000001d362ba0de0
Event: 0.156 Thread 0x000001d362ba1c00 Thread added: 0x000001d362ba1c00
Event: 0.156 Thread 0x000001d362ba5ef0 Thread added: 0x000001d362ba5ef0
Event: 0.156 Thread 0x000001d362ba6de0 Thread added: 0x000001d362ba6de0
Event: 0.156 Thread 0x000001d362ba7840 Thread added: 0x000001d362ba7840
Event: 0.156 Thread 0x000001d362baa3e0 Thread added: 0x000001d362baa3e0
Event: 0.156 Thread 0x000001d362bb4d30 Thread added: 0x000001d362bb4d30
Event: 0.157 Thread 0x000001d362bbf440 Thread added: 0x000001d362bbf440
Event: 0.168 Thread 0x000001d367116090 Thread added: 0x000001d367116090
Event: 0.169 Thread 0x000001d36711aff0 Thread added: 0x000001d36711aff0
Event: 2.038 Thread 0x000001d3680dae70 Thread added: 0x000001d3680dae70
Event: 2.038 Thread 0x000001d3680db4e0 Thread added: 0x000001d3680db4e0


Dynamic libraries:
0x00007ff7c3250000 - 0x00007ff7c3260000 	C:\Program Files\Java\jdk-21\bin\java.exe
0x00007ffd306b0000 - 0x00007ffd308c7000 	C:\WINDOWS\SYSTEM32\ntdll.dll
0x00007ffd2ead0000 - 0x00007ffd2eb94000 	C:\WINDOWS\System32\KERNEL32.DLL
0x00007ffd2dc80000 - 0x00007ffd2e02d000 	C:\WINDOWS\System32\KERNELBASE.dll
0x00007ffd2da50000 - 0x00007ffd2db61000 	C:\WINDOWS\System32\ucrtbase.dll
0x00007ffcfe260000 - 0x00007ffcfe27b000 	C:\Program Files\Java\jdk-21\bin\VCRUNTIME140.dll
0x00007ffcfe280000 - 0x00007ffcfe299000 	C:\Program Files\Java\jdk-21\bin\jli.dll
0x00007ffd2edc0000 - 0x00007ffd2ee72000 	C:\WINDOWS\System32\ADVAPI32.dll
0x00007ffd2f110000 - 0x00007ffd2f1b7000 	C:\WINDOWS\System32\msvcrt.dll
0x00007ffd2ea20000 - 0x00007ffd2eac9000 	C:\WINDOWS\System32\sechost.dll
0x00007ffd2e150000 - 0x00007ffd2e178000 	C:\WINDOWS\System32\bcrypt.dll
0x00007ffd2e5b0000 - 0x00007ffd2e6c4000 	C:\WINDOWS\System32\RPCRT4.dll
0x00007ffd2f1c0000 - 0x00007ffd2f36e000 	C:\WINDOWS\System32\USER32.dll
0x00007ffd2e2f0000 - 0x00007ffd2e316000 	C:\WINDOWS\System32\win32u.dll
0x00007ffd2ed70000 - 0x00007ffd2ed99000 	C:\WINDOWS\System32\GDI32.dll
0x00007ffd204b0000 - 0x00007ffd20743000 	C:\WINDOWS\WinSxS\amd64_microsoft.windows.common-controls_6595b64144ccf1df_6.0.22621.3672_none_2713b9d173822955\COMCTL32.dll
0x00007ffd2e030000 - 0x00007ffd2e149000 	C:\WINDOWS\System32\gdi32full.dll
0x00007ffd2dbe0000 - 0x00007ffd2dc7a000 	C:\WINDOWS\System32\msvcp_win.dll
0x00007ffd219c0000 - 0x00007ffd219ca000 	C:\WINDOWS\SYSTEM32\VERSION.dll
0x00007ffd2e570000 - 0x00007ffd2e5a1000 	C:\WINDOWS\System32\IMM32.DLL
0x00007ffd001e0000 - 0x00007ffd001ec000 	C:\Program Files\Java\jdk-21\bin\vcruntime140_1.dll
0x00007ffcf6c50000 - 0x00007ffcf6cde000 	C:\Program Files\Java\jdk-21\bin\msvcp140.dll
0x00007ffc18210000 - 0x00007ffc18f23000 	C:\Program Files\Java\jdk-21\bin\server\jvm.dll
0x00007ffd2e7d0000 - 0x00007ffd2e841000 	C:\WINDOWS\System32\WS2_32.dll
0x00007ffd2c880000 - 0x00007ffd2c8cd000 	C:\WINDOWS\SYSTEM32\POWRPROF.dll
0x00007ffd25040000 - 0x00007ffd25074000 	C:\WINDOWS\SYSTEM32\WINMM.dll
0x00007ffd2c860000 - 0x00007ffd2c873000 	C:\WINDOWS\SYSTEM32\UMPDC.dll
0x00007ffd2cb10000 - 0x00007ffd2cb28000 	C:\WINDOWS\SYSTEM32\kernel.appcore.dll
0x00007ffcfe210000 - 0x00007ffcfe21a000 	C:\Program Files\Java\jdk-21\bin\jimage.dll
0x00007ffd2ae50000 - 0x00007ffd2b082000 	C:\WINDOWS\SYSTEM32\DBGHELP.DLL
0x00007ffd30220000 - 0x00007ffd305ae000 	C:\WINDOWS\System32\combase.dll
0x00007ffd2e3e0000 - 0x00007ffd2e4b7000 	C:\WINDOWS\System32\OLEAUT32.dll
0x00007ffd1dcf0000 - 0x00007ffd1dd22000 	C:\WINDOWS\SYSTEM32\dbgcore.DLL
0x00007ffd2d9d0000 - 0x00007ffd2da4b000 	C:\WINDOWS\System32\bcryptPrimitives.dll
0x00007ffcfe1f0000 - 0x00007ffcfe20f000 	C:\Program Files\Java\jdk-21\bin\java.dll
0x00007ffd2f370000 - 0x00007ffd2fbd7000 	C:\WINDOWS\System32\SHELL32.dll
0x00007ffd2b930000 - 0x00007ffd2c22f000 	C:\WINDOWS\SYSTEM32\windows.storage.dll
0x00007ffd2b7f0000 - 0x00007ffd2b92f000 	C:\WINDOWS\SYSTEM32\wintypes.dll
0x00007ffd2e6d0000 - 0x00007ffd2e7c9000 	C:\WINDOWS\System32\SHCORE.dll
0x00007ffd2e940000 - 0x00007ffd2e99e000 	C:\WINDOWS\System32\shlwapi.dll
0x00007ffd2d900000 - 0x00007ffd2d927000 	C:\WINDOWS\SYSTEM32\profapi.dll
0x00007ffca15a0000 - 0x00007ffca1677000 	C:\Program Files\Java\jdk-21\bin\jsvml.dll
0x00007ffcfdea0000 - 0x00007ffcfdeb0000 	C:\Program Files\Java\jdk-21\bin\net.dll
0x00007ffd268b0000 - 0x00007ffd269e6000 	C:\WINDOWS\SYSTEM32\WINHTTP.dll
0x00007ffd2cf80000 - 0x00007ffd2cfe9000 	C:\WINDOWS\system32\mswsock.dll
0x00007ffcfde80000 - 0x00007ffcfde96000 	C:\Program Files\Java\jdk-21\bin\nio.dll
0x00007ffcfa350000 - 0x00007ffcfa368000 	C:\Program Files\Java\jdk-21\bin\zip.dll
0x0000000069ac0000 - 0x0000000069ae4000 	C:\Users\rabot\.m2\wrapper\dists\apache-maven-3.8.5-bin\5i5jha092a3i37g0paqnfr15e0\apache-maven-3.8.5\lib\jansi-native\Windows\x86_64\jansi.dll
0x00007ffcfa340000 - 0x00007ffcfa350000 	C:\Program Files\Java\jdk-21\bin\verify.dll

dbghelp: loaded successfully - version: 4.0.5 - missing functions: none
symbol engine: initialized successfully - sym options: 0x614 - pdb path: .;C:\Program Files\Java\jdk-21\bin;C:\WINDOWS\SYSTEM32;C:\WINDOWS\WinSxS\amd64_microsoft.windows.common-controls_6595b64144ccf1df_6.0.22621.3672_none_2713b9d173822955;C:\Program Files\Java\jdk-21\bin\server;C:\Users\rabot\.m2\wrapper\dists\apache-maven-3.8.5-bin\5i5jha092a3i37g0paqnfr15e0\apache-maven-3.8.5\lib\jansi-native\Windows\x86_64

VM Arguments:
jvm_args: -Dclassworlds.conf=C:\Users\rabot\.m2\wrapper\dists\apache-maven-3.8.5-bin\5i5jha092a3i37g0paqnfr15e0\apache-maven-3.8.5\bin\m2.conf -Dmaven.home=C:\Users\rabot\.m2\wrapper\dists\apache-maven-3.8.5-bin\5i5jha092a3i37g0paqnfr15e0\apache-maven-3.8.5 -Dlibrary.jansi.path=C:\Users\rabot\.m2\wrapper\dists\apache-maven-3.8.5-bin\5i5jha092a3i37g0paqnfr15e0\apache-maven-3.8.5\lib\jansi-native -Dmaven.multiModuleProjectDirectory=C:\Users\rabot\source\repos\PLAY-project 
java_command: org.codehaus.plexus.classworlds.launcher.Launcher -D idea.version=2024.1.4 gluonfx:compile gluonfx:link
java_class_path (initial): C:\Users\rabot\.m2\wrapper\dists\apache-maven-3.8.5-bin\5i5jha092a3i37g0paqnfr15e0\apache-maven-3.8.5\boot\plexus-classworlds-2.6.0.jar
Launcher Type: SUN_STANDARD

[Global flags]
     intx CICompilerCount                          = 4                                         {product} {ergonomic}
     uint ConcGCThreads                            = 2                                         {product} {ergonomic}
     uint G1ConcRefinementThreads                  = 8                                         {product} {ergonomic}
   size_t G1HeapRegionSize                         = 2097152                                   {product} {ergonomic}
    uintx GCDrainStackTargetSize                   = 64                                        {product} {ergonomic}
   size_t InitialHeapSize                          = 264241152                                 {product} {ergonomic}
   size_t MarkStackSize                            = 4194304                                   {product} {ergonomic}
   size_t MaxHeapSize                              = 4211081216                                {product} {ergonomic}
   size_t MaxNewSize                               = 2524971008                                {product} {ergonomic}
   size_t MinHeapDeltaBytes                        = 2097152                                   {product} {ergonomic}
   size_t MinHeapSize                              = 8388608                                   {product} {ergonomic}
    uintx NonNMethodCodeHeapSize                   = 5839372                                {pd product} {ergonomic}
    uintx NonProfiledCodeHeapSize                  = 122909434                              {pd product} {ergonomic}
    uintx ProfiledCodeHeapSize                     = 122909434                              {pd product} {ergonomic}
    uintx ReservedCodeCacheSize                    = 251658240                              {pd product} {ergonomic}
     bool SegmentedCodeCache                       = true                                      {product} {ergonomic}
   size_t SoftMaxHeapSize                          = 4211081216                             {manageable} {ergonomic}
     bool UseCompressedOops                        = true                           {product lp64_product} {ergonomic}
     bool UseG1GC                                  = true                                      {product} {ergonomic}
     bool UseLargePagesIndividualAllocation        = false                                  {pd product} {ergonomic}

Logging:
Log output configuration:
 #0: stdout all=warning uptime,level,tags foldmultilines=false
 #1: stderr all=off uptime,level,tags foldmultilines=false

Environment Variables:
JAVA_HOME=C:\Program Files\Java\jdk-21
PATH=C:\Python312\Scripts\;C:\Python312\;C:\Python311\Scripts\;C:\Python311\;C:\Program Files\Common Files\Oracle\Java\javapath;C:\Program Files (x86)\Common Files\Intel\Shared Libraries\redist\intel64\compiler;C:\Windows\system32;C:\Windows;C:\Windows\System32\Wbem;C:\Windows\System32\WindowsPowerShell\v1.0\;C:\Windows\System32\OpenSSH\;C:\Program Files (x86)\NVIDIA Corporation\PhysX\Common;C:\Program Files\NVIDIA Corporation\NVIDIA NvDLISR;C:\Program Files\Microsoft SQL Server\150\Tools\Binn\;C:\Program Files\dotnet\;C:\WINDOWS\system32;C:\WINDOWS;C:\WINDOWS\System32\Wbem;C:\WINDOWS\System32\WindowsPowerShell\v1.0\;C:\WINDOWS\System32\OpenSSH\;C:\Program Files\WireGuard\;C:\ProgramData\chocolatey\bin;C:\Program Files\jEdit;C:\Program Files\nodejs\;C:\Program Files\Microsoft SQL Server\Client SDK\ODBC\170\Tools\Binn\;C:\Program Files (x86)\Windows Kits\10\Windows Performance Toolkit\;C:\Program Files\gs\gs10.03.1\bin;C:\Program Files\Java\jdk-21\bin;C:\Program Files\Apache\Maven\apache-maven-3.9.8\bin\;C:\Program Files\Git\cmd;C:\Users\rabot\AppData\Local\Microsoft\WindowsApps;C:\Users\rabot\AppData\Local\Programs\Microsoft VS Code\bin;C:\Users\rabot\AppData\Local\GitHubDesktop\bin;C:\Users\rabot\AppData\Roaming\npm;C:\Users\rabot\.dotnet\tools;C:\Python312\;C:\Python312\Scripts\;C:\Program Files\JetBrains\IntelliJ IDEA 2024.1.4\bin;C:\Program Files\JetBrains\DataGrip 2024.1.4\bin;C:\Program Files\JetBrains\DataSpell 2024.1.3\bin;C:\Users\rabot\AppData\Local\JetBrains\Toolbox\scripts;
USERNAME=rabot
OS=Windows_NT
PROCESSOR_IDENTIFIER=Intel64 Family 6 Model 140 Stepping 1, GenuineIntel
TMP=C:\Users\rabot\AppData\Local\Temp
TEMP=C:\Users\rabot\AppData\Local\Temp




---------------  S Y S T E M  ---------------

OS:
 Windows 11 , 64 bit Build 22621 (10.0.22621.3958)
OS uptime: 1 days 2:56 hours

CPU: total 8 (initial active 8) (4 cores per cpu, 2 threads per core) family 6 model 140 stepping 1 microcode 0x86, cx8, cmov, fxsr, ht, mmx, 3dnowpref, sse, sse2, sse3, ssse3, sse4.1, sse4.2, popcnt, lzcnt, tsc, tscinvbit, avx, avx2, aes, erms, clmul, bmi1, bmi2, adx, avx512f, avx512dq, avx512cd, avx512bw, avx512vl, sha, fma, vzeroupper, avx512_vpopcntdq, avx512_vpclmulqdq, avx512_vaes, avx512_vnni, clflush, clflushopt, clwb, avx512_vbmi2, avx512_vbmi, rdtscp, rdpid, fsrm, gfni, avx512_bitalg, f16c, pku, cet_ibt, cet_ss, avx512_ifma
Processor Information for all 8 processors :
  Max Mhz: 3302, Current Mhz: 3302, Mhz Limit: 3302

Memory: 4k page, system-wide physical 16062M (160M free)
TotalPageFile size 65214M (AvailPageFile size 0M)
current process WorkingSet (physical memory assigned to process): 170M, peak: 180M
current process commit charge ("private bytes"): 373M, peak: 379M

vm_info: Java HotSpot(TM) 64-Bit Server VM (21+35-LTS-2513) for windows-amd64 JRE (21+35-LTS-2513), built on 2023-08-09T20:25:10Z by "mach5one" with MS VC++ 17.1 (VS2022)

END.
